<?xml version="1.0" encoding="UTF-8"?>
<!-- Generated by org.testng.reporters.JUnitReportReporter -->
<testsuite hostname="MahmoudHadad" name="com.FCI.SWE.ServicesModels.UserEntityTest" tests="9" failures="8" timestamp="9 May 2015 19:08:51 GMT" time="0.041" errors="0">
  <testcase name="saveUser" time="0.023" classname="com.FCI.SWE.ServicesModels.UserEntityTest">
    <failure type="java.lang.NoSuchMethodError" message="com.google.appengine.tools.development.LocalServiceContext.getAppDir()Ljava/io/File;">
      <![CDATA[java.lang.NoSuchMethodError: com.google.appengine.tools.development.LocalServiceContext.getAppDir()Ljava/io/File;
	at com.google.appengine.api.datastore.dev.LocalDatastoreService.init(LocalDatastoreService.java:254)
	at com.google.appengine.tools.development.ApiProxyLocalImpl.startServices(ApiProxyLocalImpl.java:380)
	at com.google.appengine.tools.development.ApiProxyLocalImpl.access$600(ApiProxyLocalImpl.java:42)
	at com.google.appengine.tools.development.ApiProxyLocalImpl$2.run(ApiProxyLocalImpl.java:363)
	at com.google.appengine.tools.development.ApiProxyLocalImpl$2.run(ApiProxyLocalImpl.java:361)
	at java.security.AccessController.doPrivileged(Native Method)
	at com.google.appengine.tools.development.ApiProxyLocalImpl.getService(ApiProxyLocalImpl.java:360)
	at com.google.appengine.tools.development.testing.LocalServiceTestHelper.getLocalService(LocalServiceTestHelper.java:300)
	at com.google.appengine.tools.development.testing.LocalDatastoreServiceTestConfig.getLocalDatastoreService(LocalDatastoreServiceTestConfig.java:142)
	at com.google.appengine.tools.development.testing.LocalDatastoreServiceTestConfig.tearDown(LocalDatastoreServiceTestConfig.java:137)
	at com.google.appengine.tools.development.testing.LocalServiceTestHelper.tearDown(LocalServiceTestHelper.java:262)
	at com.FCI.SWE.ServicesModels.UserEntityTest.tearDown(UserEntityTest.java:37)
	at sun.reflect.NativeMethodAccessorImpl.invoke0(Native Method)
	at sun.reflect.NativeMethodAccessorImpl.invoke(NativeMethodAccessorImpl.java:57)
	at sun.reflect.DelegatingMethodAccessorImpl.invoke(DelegatingMethodAccessorImpl.java:43)
	at java.lang.reflect.Method.invoke(Method.java:606)
	at org.testng.internal.MethodInvocationHelper.invokeMethod(MethodInvocationHelper.java:80)
	at org.testng.internal.Invoker.invokeConfigurationMethod(Invoker.java:564)
	at org.testng.internal.Invoker.invokeConfigurations(Invoker.java:213)
	at org.testng.internal.Invoker.invokeMethod(Invoker.java:786)
	at org.testng.internal.Invoker.invokeTestMethod(Invoker.java:901)
	at org.testng.internal.Invoker.invokeTestMethods(Invoker.java:1231)
	at org.testng.internal.TestMethodWorker.invokeTestMethods(TestMethodWorker.java:127)
	at org.testng.internal.TestMethodWorker.run(TestMethodWorker.java:111)
	at org.testng.TestRunner.privateRun(TestRunner.java:767)
	at org.testng.TestRunner.run(TestRunner.java:617)
	at org.testng.SuiteRunner.runTest(SuiteRunner.java:334)
	at org.testng.SuiteRunner.runSequentially(SuiteRunner.java:329)
	at org.testng.SuiteRunner.privateRun(SuiteRunner.java:291)
	at org.testng.SuiteRunner.run(SuiteRunner.java:240)
	at org.testng.SuiteRunnerWorker.runSuite(SuiteRunnerWorker.java:52)
	at org.testng.SuiteRunnerWorker.run(SuiteRunnerWorker.java:86)
	at org.testng.TestNG.runSuitesSequentially(TestNG.java:1197)
	at org.testng.TestNG.runSuitesLocally(TestNG.java:1122)
	at org.testng.TestNG.run(TestNG.java:1030)
	at org.testng.remote.RemoteTestNG.run(RemoteTestNG.java:111)
	at org.testng.remote.RemoteTestNG.initAndRun(RemoteTestNG.java:204)
	at org.testng.remote.RemoteTestNG.main(RemoteTestNG.java:175)
]]>
    </failure>
  </testcase> <!-- saveUser -->
  <testcase name="getUser" time="0.001" classname="com.FCI.SWE.ServicesModels.UserEntityTest">
    <failure type="java.lang.NoSuchMethodError" message="com.google.appengine.tools.development.LocalServiceContext.getAppDir()Ljava/io/File;">
      <![CDATA[java.lang.NoSuchMethodError: com.google.appengine.tools.development.LocalServiceContext.getAppDir()Ljava/io/File;
	at com.google.appengine.api.datastore.dev.LocalDatastoreService.init(LocalDatastoreService.java:254)
	at com.google.appengine.tools.development.ApiProxyLocalImpl.startServices(ApiProxyLocalImpl.java:380)
	at com.google.appengine.tools.development.ApiProxyLocalImpl.access$600(ApiProxyLocalImpl.java:42)
	at com.google.appengine.tools.development.ApiProxyLocalImpl$2.run(ApiProxyLocalImpl.java:363)
	at com.google.appengine.tools.development.ApiProxyLocalImpl$2.run(ApiProxyLocalImpl.java:361)
	at java.security.AccessController.doPrivileged(Native Method)
	at com.google.appengine.tools.development.ApiProxyLocalImpl.getService(ApiProxyLocalImpl.java:360)
	at com.google.appengine.tools.development.testing.LocalServiceTestHelper.getLocalService(LocalServiceTestHelper.java:300)
	at com.google.appengine.tools.development.testing.LocalDatastoreServiceTestConfig.getLocalDatastoreService(LocalDatastoreServiceTestConfig.java:142)
	at com.google.appengine.tools.development.testing.LocalDatastoreServiceTestConfig.tearDown(LocalDatastoreServiceTestConfig.java:137)
	at com.google.appengine.tools.development.testing.LocalServiceTestHelper.tearDown(LocalServiceTestHelper.java:262)
	at com.FCI.SWE.ServicesModels.UserEntityTest.tearDown(UserEntityTest.java:37)
	at sun.reflect.NativeMethodAccessorImpl.invoke0(Native Method)
	at sun.reflect.NativeMethodAccessorImpl.invoke(NativeMethodAccessorImpl.java:57)
	at sun.reflect.DelegatingMethodAccessorImpl.invoke(DelegatingMethodAccessorImpl.java:43)
	at java.lang.reflect.Method.invoke(Method.java:606)
	at org.testng.internal.MethodInvocationHelper.invokeMethod(MethodInvocationHelper.java:80)
	at org.testng.internal.Invoker.invokeConfigurationMethod(Invoker.java:564)
	at org.testng.internal.Invoker.invokeConfigurations(Invoker.java:213)
	at org.testng.internal.Invoker.invokeMethod(Invoker.java:786)
	at org.testng.internal.Invoker.invokeTestMethod(Invoker.java:901)
	at org.testng.internal.Invoker.invokeTestMethods(Invoker.java:1231)
	at org.testng.internal.TestMethodWorker.invokeTestMethods(TestMethodWorker.java:127)
	at org.testng.internal.TestMethodWorker.run(TestMethodWorker.java:111)
	at org.testng.TestRunner.privateRun(TestRunner.java:767)
	at org.testng.TestRunner.run(TestRunner.java:617)
	at org.testng.SuiteRunner.runTest(SuiteRunner.java:334)
	at org.testng.SuiteRunner.runSequentially(SuiteRunner.java:329)
	at org.testng.SuiteRunner.privateRun(SuiteRunner.java:291)
	at org.testng.SuiteRunner.run(SuiteRunner.java:240)
	at org.testng.SuiteRunnerWorker.runSuite(SuiteRunnerWorker.java:52)
	at org.testng.SuiteRunnerWorker.run(SuiteRunnerWorker.java:86)
	at org.testng.TestNG.runSuitesSequentially(TestNG.java:1197)
	at org.testng.TestNG.runSuitesLocally(TestNG.java:1122)
	at org.testng.TestNG.run(TestNG.java:1030)
	at org.testng.remote.RemoteTestNG.run(RemoteTestNG.java:111)
	at org.testng.remote.RemoteTestNG.initAndRun(RemoteTestNG.java:204)
	at org.testng.remote.RemoteTestNG.main(RemoteTestNG.java:175)
]]>
    </failure>
  </testcase> <!-- getUser -->
  <testcase name="getFriends" time="0.002" classname="com.FCI.SWE.ServicesModels.UserEntityTest">
    <failure type="java.lang.NoSuchMethodError" message="com.google.appengine.tools.development.LocalServiceContext.getAppDir()Ljava/io/File;">
      <![CDATA[java.lang.NoSuchMethodError: com.google.appengine.tools.development.LocalServiceContext.getAppDir()Ljava/io/File;
	at com.google.appengine.api.datastore.dev.LocalDatastoreService.init(LocalDatastoreService.java:254)
	at com.google.appengine.tools.development.ApiProxyLocalImpl.startServices(ApiProxyLocalImpl.java:380)
	at com.google.appengine.tools.development.ApiProxyLocalImpl.access$600(ApiProxyLocalImpl.java:42)
	at com.google.appengine.tools.development.ApiProxyLocalImpl$2.run(ApiProxyLocalImpl.java:363)
	at com.google.appengine.tools.development.ApiProxyLocalImpl$2.run(ApiProxyLocalImpl.java:361)
	at java.security.AccessController.doPrivileged(Native Method)
	at com.google.appengine.tools.development.ApiProxyLocalImpl.getService(ApiProxyLocalImpl.java:360)
	at com.google.appengine.tools.development.testing.LocalServiceTestHelper.getLocalService(LocalServiceTestHelper.java:300)
	at com.google.appengine.tools.development.testing.LocalDatastoreServiceTestConfig.getLocalDatastoreService(LocalDatastoreServiceTestConfig.java:142)
	at com.google.appengine.tools.development.testing.LocalDatastoreServiceTestConfig.tearDown(LocalDatastoreServiceTestConfig.java:137)
	at com.google.appengine.tools.development.testing.LocalServiceTestHelper.tearDown(LocalServiceTestHelper.java:262)
	at com.FCI.SWE.ServicesModels.UserEntityTest.tearDown(UserEntityTest.java:37)
	at sun.reflect.NativeMethodAccessorImpl.invoke0(Native Method)
	at sun.reflect.NativeMethodAccessorImpl.invoke(NativeMethodAccessorImpl.java:57)
	at sun.reflect.DelegatingMethodAccessorImpl.invoke(DelegatingMethodAccessorImpl.java:43)
	at java.lang.reflect.Method.invoke(Method.java:606)
	at org.testng.internal.MethodInvocationHelper.invokeMethod(MethodInvocationHelper.java:80)
	at org.testng.internal.Invoker.invokeConfigurationMethod(Invoker.java:564)
	at org.testng.internal.Invoker.invokeConfigurations(Invoker.java:213)
	at org.testng.internal.Invoker.invokeMethod(Invoker.java:786)
	at org.testng.internal.Invoker.invokeTestMethod(Invoker.java:901)
	at org.testng.internal.Invoker.invokeTestMethods(Invoker.java:1231)
	at org.testng.internal.TestMethodWorker.invokeTestMethods(TestMethodWorker.java:127)
	at org.testng.internal.TestMethodWorker.run(TestMethodWorker.java:111)
	at org.testng.TestRunner.privateRun(TestRunner.java:767)
	at org.testng.TestRunner.run(TestRunner.java:617)
	at org.testng.SuiteRunner.runTest(SuiteRunner.java:334)
	at org.testng.SuiteRunner.runSequentially(SuiteRunner.java:329)
	at org.testng.SuiteRunner.privateRun(SuiteRunner.java:291)
	at org.testng.SuiteRunner.run(SuiteRunner.java:240)
	at org.testng.SuiteRunnerWorker.runSuite(SuiteRunnerWorker.java:52)
	at org.testng.SuiteRunnerWorker.run(SuiteRunnerWorker.java:86)
	at org.testng.TestNG.runSuitesSequentially(TestNG.java:1197)
	at org.testng.TestNG.runSuitesLocally(TestNG.java:1122)
	at org.testng.TestNG.run(TestNG.java:1030)
	at org.testng.remote.RemoteTestNG.run(RemoteTestNG.java:111)
	at org.testng.remote.RemoteTestNG.initAndRun(RemoteTestNG.java:204)
	at org.testng.remote.RemoteTestNG.main(RemoteTestNG.java:175)
]]>
    </failure>
  </testcase> <!-- getFriends -->
  <testcase name="addFriend" time="0.008" classname="com.FCI.SWE.ServicesModels.UserEntityTest"/>
  <testcase name="getUser" time="0.002" classname="com.FCI.SWE.ServicesModels.UserEntityTest">
    <failure type="java.lang.NoSuchMethodError" message="com.google.appengine.tools.development.LocalServiceContext.getAppDir()Ljava/io/File;">
      <![CDATA[java.lang.NoSuchMethodError: com.google.appengine.tools.development.LocalServiceContext.getAppDir()Ljava/io/File;
	at com.google.appengine.api.datastore.dev.LocalDatastoreService.init(LocalDatastoreService.java:254)
	at com.google.appengine.tools.development.ApiProxyLocalImpl.startServices(ApiProxyLocalImpl.java:380)
	at com.google.appengine.tools.development.ApiProxyLocalImpl.access$600(ApiProxyLocalImpl.java:42)
	at com.google.appengine.tools.development.ApiProxyLocalImpl$2.run(ApiProxyLocalImpl.java:363)
	at com.google.appengine.tools.development.ApiProxyLocalImpl$2.run(ApiProxyLocalImpl.java:361)
	at java.security.AccessController.doPrivileged(Native Method)
	at com.google.appengine.tools.development.ApiProxyLocalImpl.getService(ApiProxyLocalImpl.java:360)
	at com.google.appengine.tools.development.testing.LocalServiceTestHelper.getLocalService(LocalServiceTestHelper.java:300)
	at com.google.appengine.tools.development.testing.LocalDatastoreServiceTestConfig.getLocalDatastoreService(LocalDatastoreServiceTestConfig.java:142)
	at com.google.appengine.tools.development.testing.LocalDatastoreServiceTestConfig.tearDown(LocalDatastoreServiceTestConfig.java:137)
	at com.google.appengine.tools.development.testing.LocalServiceTestHelper.tearDown(LocalServiceTestHelper.java:262)
	at com.FCI.SWE.ServicesModels.UserEntityTest.tearDown(UserEntityTest.java:37)
	at sun.reflect.NativeMethodAccessorImpl.invoke0(Native Method)
	at sun.reflect.NativeMethodAccessorImpl.invoke(NativeMethodAccessorImpl.java:57)
	at sun.reflect.DelegatingMethodAccessorImpl.invoke(DelegatingMethodAccessorImpl.java:43)
	at java.lang.reflect.Method.invoke(Method.java:606)
	at org.testng.internal.MethodInvocationHelper.invokeMethod(MethodInvocationHelper.java:80)
	at org.testng.internal.Invoker.invokeConfigurationMethod(Invoker.java:564)
	at org.testng.internal.Invoker.invokeConfigurations(Invoker.java:213)
	at org.testng.internal.Invoker.invokeMethod(Invoker.java:786)
	at org.testng.internal.Invoker.invokeTestMethod(Invoker.java:901)
	at org.testng.internal.Invoker.invokeTestMethods(Invoker.java:1231)
	at org.testng.internal.TestMethodWorker.invokeTestMethods(TestMethodWorker.java:127)
	at org.testng.internal.TestMethodWorker.run(TestMethodWorker.java:111)
	at org.testng.TestRunner.privateRun(TestRunner.java:767)
	at org.testng.TestRunner.run(TestRunner.java:617)
	at org.testng.SuiteRunner.runTest(SuiteRunner.java:334)
	at org.testng.SuiteRunner.runSequentially(SuiteRunner.java:329)
	at org.testng.SuiteRunner.privateRun(SuiteRunner.java:291)
	at org.testng.SuiteRunner.run(SuiteRunner.java:240)
	at org.testng.SuiteRunnerWorker.runSuite(SuiteRunnerWorker.java:52)
	at org.testng.SuiteRunnerWorker.run(SuiteRunnerWorker.java:86)
	at org.testng.TestNG.runSuitesSequentially(TestNG.java:1197)
	at org.testng.TestNG.runSuitesLocally(TestNG.java:1122)
	at org.testng.TestNG.run(TestNG.java:1030)
	at org.testng.remote.RemoteTestNG.run(RemoteTestNG.java:111)
	at org.testng.remote.RemoteTestNG.initAndRun(RemoteTestNG.java:204)
	at org.testng.remote.RemoteTestNG.main(RemoteTestNG.java:175)
]]>
    </failure>
  </testcase> <!-- getUser -->
  <testcase name="isExist" time="0.002" classname="com.FCI.SWE.ServicesModels.UserEntityTest">
    <failure type="java.lang.NoSuchMethodError" message="com.google.appengine.tools.development.LocalServiceContext.getAppDir()Ljava/io/File;">
      <![CDATA[java.lang.NoSuchMethodError: com.google.appengine.tools.development.LocalServiceContext.getAppDir()Ljava/io/File;
	at com.google.appengine.api.datastore.dev.LocalDatastoreService.init(LocalDatastoreService.java:254)
	at com.google.appengine.tools.development.ApiProxyLocalImpl.startServices(ApiProxyLocalImpl.java:380)
	at com.google.appengine.tools.development.ApiProxyLocalImpl.access$600(ApiProxyLocalImpl.java:42)
	at com.google.appengine.tools.development.ApiProxyLocalImpl$2.run(ApiProxyLocalImpl.java:363)
	at com.google.appengine.tools.development.ApiProxyLocalImpl$2.run(ApiProxyLocalImpl.java:361)
	at java.security.AccessController.doPrivileged(Native Method)
	at com.google.appengine.tools.development.ApiProxyLocalImpl.getService(ApiProxyLocalImpl.java:360)
	at com.google.appengine.tools.development.testing.LocalServiceTestHelper.getLocalService(LocalServiceTestHelper.java:300)
	at com.google.appengine.tools.development.testing.LocalDatastoreServiceTestConfig.getLocalDatastoreService(LocalDatastoreServiceTestConfig.java:142)
	at com.google.appengine.tools.development.testing.LocalDatastoreServiceTestConfig.tearDown(LocalDatastoreServiceTestConfig.java:137)
	at com.google.appengine.tools.development.testing.LocalServiceTestHelper.tearDown(LocalServiceTestHelper.java:262)
	at com.FCI.SWE.ServicesModels.UserEntityTest.tearDown(UserEntityTest.java:37)
	at sun.reflect.NativeMethodAccessorImpl.invoke0(Native Method)
	at sun.reflect.NativeMethodAccessorImpl.invoke(NativeMethodAccessorImpl.java:57)
	at sun.reflect.DelegatingMethodAccessorImpl.invoke(DelegatingMethodAccessorImpl.java:43)
	at java.lang.reflect.Method.invoke(Method.java:606)
	at org.testng.internal.MethodInvocationHelper.invokeMethod(MethodInvocationHelper.java:80)
	at org.testng.internal.Invoker.invokeConfigurationMethod(Invoker.java:564)
	at org.testng.internal.Invoker.invokeConfigurations(Invoker.java:213)
	at org.testng.internal.Invoker.invokeMethod(Invoker.java:786)
	at org.testng.internal.Invoker.invokeTestMethod(Invoker.java:901)
	at org.testng.internal.Invoker.invokeTestMethods(Invoker.java:1231)
	at org.testng.internal.TestMethodWorker.invokeTestMethods(TestMethodWorker.java:127)
	at org.testng.internal.TestMethodWorker.run(TestMethodWorker.java:111)
	at org.testng.TestRunner.privateRun(TestRunner.java:767)
	at org.testng.TestRunner.run(TestRunner.java:617)
	at org.testng.SuiteRunner.runTest(SuiteRunner.java:334)
	at org.testng.SuiteRunner.runSequentially(SuiteRunner.java:329)
	at org.testng.SuiteRunner.privateRun(SuiteRunner.java:291)
	at org.testng.SuiteRunner.run(SuiteRunner.java:240)
	at org.testng.SuiteRunnerWorker.runSuite(SuiteRunnerWorker.java:52)
	at org.testng.SuiteRunnerWorker.run(SuiteRunnerWorker.java:86)
	at org.testng.TestNG.runSuitesSequentially(TestNG.java:1197)
	at org.testng.TestNG.runSuitesLocally(TestNG.java:1122)
	at org.testng.TestNG.run(TestNG.java:1030)
	at org.testng.remote.RemoteTestNG.run(RemoteTestNG.java:111)
	at org.testng.remote.RemoteTestNG.initAndRun(RemoteTestNG.java:204)
	at org.testng.remote.RemoteTestNG.main(RemoteTestNG.java:175)
]]>
    </failure>
  </testcase> <!-- isExist -->
  <testcase name="getUser" time="0.001" classname="com.FCI.SWE.ServicesModels.UserEntityTest">
    <failure type="java.lang.NoSuchMethodError" message="com.google.appengine.tools.development.LocalServiceContext.getAppDir()Ljava/io/File;">
      <![CDATA[java.lang.NoSuchMethodError: com.google.appengine.tools.development.LocalServiceContext.getAppDir()Ljava/io/File;
	at com.google.appengine.api.datastore.dev.LocalDatastoreService.init(LocalDatastoreService.java:254)
	at com.google.appengine.tools.development.ApiProxyLocalImpl.startServices(ApiProxyLocalImpl.java:380)
	at com.google.appengine.tools.development.ApiProxyLocalImpl.access$600(ApiProxyLocalImpl.java:42)
	at com.google.appengine.tools.development.ApiProxyLocalImpl$2.run(ApiProxyLocalImpl.java:363)
	at com.google.appengine.tools.development.ApiProxyLocalImpl$2.run(ApiProxyLocalImpl.java:361)
	at java.security.AccessController.doPrivileged(Native Method)
	at com.google.appengine.tools.development.ApiProxyLocalImpl.getService(ApiProxyLocalImpl.java:360)
	at com.google.appengine.tools.development.testing.LocalServiceTestHelper.getLocalService(LocalServiceTestHelper.java:300)
	at com.google.appengine.tools.development.testing.LocalDatastoreServiceTestConfig.getLocalDatastoreService(LocalDatastoreServiceTestConfig.java:142)
	at com.google.appengine.tools.development.testing.LocalDatastoreServiceTestConfig.tearDown(LocalDatastoreServiceTestConfig.java:137)
	at com.google.appengine.tools.development.testing.LocalServiceTestHelper.tearDown(LocalServiceTestHelper.java:262)
	at com.FCI.SWE.ServicesModels.UserEntityTest.tearDown(UserEntityTest.java:37)
	at sun.reflect.NativeMethodAccessorImpl.invoke0(Native Method)
	at sun.reflect.NativeMethodAccessorImpl.invoke(NativeMethodAccessorImpl.java:57)
	at sun.reflect.DelegatingMethodAccessorImpl.invoke(DelegatingMethodAccessorImpl.java:43)
	at java.lang.reflect.Method.invoke(Method.java:606)
	at org.testng.internal.MethodInvocationHelper.invokeMethod(MethodInvocationHelper.java:80)
	at org.testng.internal.Invoker.invokeConfigurationMethod(Invoker.java:564)
	at org.testng.internal.Invoker.invokeConfigurations(Invoker.java:213)
	at org.testng.internal.Invoker.invokeMethod(Invoker.java:786)
	at org.testng.internal.Invoker.invokeTestMethod(Invoker.java:901)
	at org.testng.internal.Invoker.invokeTestMethods(Invoker.java:1231)
	at org.testng.internal.TestMethodWorker.invokeTestMethods(TestMethodWorker.java:127)
	at org.testng.internal.TestMethodWorker.run(TestMethodWorker.java:111)
	at org.testng.TestRunner.privateRun(TestRunner.java:767)
	at org.testng.TestRunner.run(TestRunner.java:617)
	at org.testng.SuiteRunner.runTest(SuiteRunner.java:334)
	at org.testng.SuiteRunner.runSequentially(SuiteRunner.java:329)
	at org.testng.SuiteRunner.privateRun(SuiteRunner.java:291)
	at org.testng.SuiteRunner.run(SuiteRunner.java:240)
	at org.testng.SuiteRunnerWorker.runSuite(SuiteRunnerWorker.java:52)
	at org.testng.SuiteRunnerWorker.run(SuiteRunnerWorker.java:86)
	at org.testng.TestNG.runSuitesSequentially(TestNG.java:1197)
	at org.testng.TestNG.runSuitesLocally(TestNG.java:1122)
	at org.testng.TestNG.run(TestNG.java:1030)
	at org.testng.remote.RemoteTestNG.run(RemoteTestNG.java:111)
	at org.testng.remote.RemoteTestNG.initAndRun(RemoteTestNG.java:204)
	at org.testng.remote.RemoteTestNG.main(RemoteTestNG.java:175)
]]>
    </failure>
  </testcase> <!-- getUser -->
  <testcase name="saveUser" time="0.001" classname="com.FCI.SWE.ServicesModels.UserEntityTest">
    <failure type="java.lang.NoSuchMethodError" message="com.google.appengine.tools.development.LocalServiceContext.getAppDir()Ljava/io/File;">
      <![CDATA[java.lang.NoSuchMethodError: com.google.appengine.tools.development.LocalServiceContext.getAppDir()Ljava/io/File;
	at com.google.appengine.api.datastore.dev.LocalDatastoreService.init(LocalDatastoreService.java:254)
	at com.google.appengine.tools.development.ApiProxyLocalImpl.startServices(ApiProxyLocalImpl.java:380)
	at com.google.appengine.tools.development.ApiProxyLocalImpl.access$600(ApiProxyLocalImpl.java:42)
	at com.google.appengine.tools.development.ApiProxyLocalImpl$2.run(ApiProxyLocalImpl.java:363)
	at com.google.appengine.tools.development.ApiProxyLocalImpl$2.run(ApiProxyLocalImpl.java:361)
	at java.security.AccessController.doPrivileged(Native Method)
	at com.google.appengine.tools.development.ApiProxyLocalImpl.getService(ApiProxyLocalImpl.java:360)
	at com.google.appengine.tools.development.testing.LocalServiceTestHelper.getLocalService(LocalServiceTestHelper.java:300)
	at com.google.appengine.tools.development.testing.LocalDatastoreServiceTestConfig.getLocalDatastoreService(LocalDatastoreServiceTestConfig.java:142)
	at com.google.appengine.tools.development.testing.LocalDatastoreServiceTestConfig.tearDown(LocalDatastoreServiceTestConfig.java:137)
	at com.google.appengine.tools.development.testing.LocalServiceTestHelper.tearDown(LocalServiceTestHelper.java:262)
	at com.FCI.SWE.ServicesModels.UserEntityTest.tearDown(UserEntityTest.java:37)
	at sun.reflect.NativeMethodAccessorImpl.invoke0(Native Method)
	at sun.reflect.NativeMethodAccessorImpl.invoke(NativeMethodAccessorImpl.java:57)
	at sun.reflect.DelegatingMethodAccessorImpl.invoke(DelegatingMethodAccessorImpl.java:43)
	at java.lang.reflect.Method.invoke(Method.java:606)
	at org.testng.internal.MethodInvocationHelper.invokeMethod(MethodInvocationHelper.java:80)
	at org.testng.internal.Invoker.invokeConfigurationMethod(Invoker.java:564)
	at org.testng.internal.Invoker.invokeConfigurations(Invoker.java:213)
	at org.testng.internal.Invoker.invokeMethod(Invoker.java:786)
	at org.testng.internal.Invoker.invokeTestMethod(Invoker.java:901)
	at org.testng.internal.Invoker.invokeTestMethods(Invoker.java:1231)
	at org.testng.internal.TestMethodWorker.invokeTestMethods(TestMethodWorker.java:127)
	at org.testng.internal.TestMethodWorker.run(TestMethodWorker.java:111)
	at org.testng.TestRunner.privateRun(TestRunner.java:767)
	at org.testng.TestRunner.run(TestRunner.java:617)
	at org.testng.SuiteRunner.runTest(SuiteRunner.java:334)
	at org.testng.SuiteRunner.runSequentially(SuiteRunner.java:329)
	at org.testng.SuiteRunner.privateRun(SuiteRunner.java:291)
	at org.testng.SuiteRunner.run(SuiteRunner.java:240)
	at org.testng.SuiteRunnerWorker.runSuite(SuiteRunnerWorker.java:52)
	at org.testng.SuiteRunnerWorker.run(SuiteRunnerWorker.java:86)
	at org.testng.TestNG.runSuitesSequentially(TestNG.java:1197)
	at org.testng.TestNG.runSuitesLocally(TestNG.java:1122)
	at org.testng.TestNG.run(TestNG.java:1030)
	at org.testng.remote.RemoteTestNG.run(RemoteTestNG.java:111)
	at org.testng.remote.RemoteTestNG.initAndRun(RemoteTestNG.java:204)
	at org.testng.remote.RemoteTestNG.main(RemoteTestNG.java:175)
]]>
    </failure>
  </testcase> <!-- saveUser -->
  <testcase name="isExist" time="0.001" classname="com.FCI.SWE.ServicesModels.UserEntityTest">
    <failure type="java.lang.NoSuchMethodError" message="com.google.appengine.tools.development.LocalServiceContext.getAppDir()Ljava/io/File;">
      <![CDATA[java.lang.NoSuchMethodError: com.google.appengine.tools.development.LocalServiceContext.getAppDir()Ljava/io/File;
	at com.google.appengine.api.datastore.dev.LocalDatastoreService.init(LocalDatastoreService.java:254)
	at com.google.appengine.tools.development.ApiProxyLocalImpl.startServices(ApiProxyLocalImpl.java:380)
	at com.google.appengine.tools.development.ApiProxyLocalImpl.access$600(ApiProxyLocalImpl.java:42)
	at com.google.appengine.tools.development.ApiProxyLocalImpl$2.run(ApiProxyLocalImpl.java:363)
	at com.google.appengine.tools.development.ApiProxyLocalImpl$2.run(ApiProxyLocalImpl.java:361)
	at java.security.AccessController.doPrivileged(Native Method)
	at com.google.appengine.tools.development.ApiProxyLocalImpl.getService(ApiProxyLocalImpl.java:360)
	at com.google.appengine.tools.development.testing.LocalServiceTestHelper.getLocalService(LocalServiceTestHelper.java:300)
	at com.google.appengine.tools.development.testing.LocalDatastoreServiceTestConfig.getLocalDatastoreService(LocalDatastoreServiceTestConfig.java:142)
	at com.google.appengine.tools.development.testing.LocalDatastoreServiceTestConfig.tearDown(LocalDatastoreServiceTestConfig.java:137)
	at com.google.appengine.tools.development.testing.LocalServiceTestHelper.tearDown(LocalServiceTestHelper.java:262)
	at com.FCI.SWE.ServicesModels.UserEntityTest.tearDown(UserEntityTest.java:37)
	at sun.reflect.NativeMethodAccessorImpl.invoke0(Native Method)
	at sun.reflect.NativeMethodAccessorImpl.invoke(NativeMethodAccessorImpl.java:57)
	at sun.reflect.DelegatingMethodAccessorImpl.invoke(DelegatingMethodAccessorImpl.java:43)
	at java.lang.reflect.Method.invoke(Method.java:606)
	at org.testng.internal.MethodInvocationHelper.invokeMethod(MethodInvocationHelper.java:80)
	at org.testng.internal.Invoker.invokeConfigurationMethod(Invoker.java:564)
	at org.testng.internal.Invoker.invokeConfigurations(Invoker.java:213)
	at org.testng.internal.Invoker.invokeMethod(Invoker.java:786)
	at org.testng.internal.Invoker.invokeTestMethod(Invoker.java:901)
	at org.testng.internal.Invoker.invokeTestMethods(Invoker.java:1231)
	at org.testng.internal.TestMethodWorker.invokeTestMethods(TestMethodWorker.java:127)
	at org.testng.internal.TestMethodWorker.run(TestMethodWorker.java:111)
	at org.testng.TestRunner.privateRun(TestRunner.java:767)
	at org.testng.TestRunner.run(TestRunner.java:617)
	at org.testng.SuiteRunner.runTest(SuiteRunner.java:334)
	at org.testng.SuiteRunner.runSequentially(SuiteRunner.java:329)
	at org.testng.SuiteRunner.privateRun(SuiteRunner.java:291)
	at org.testng.SuiteRunner.run(SuiteRunner.java:240)
	at org.testng.SuiteRunnerWorker.runSuite(SuiteRunnerWorker.java:52)
	at org.testng.SuiteRunnerWorker.run(SuiteRunnerWorker.java:86)
	at org.testng.TestNG.runSuitesSequentially(TestNG.java:1197)
	at org.testng.TestNG.runSuitesLocally(TestNG.java:1122)
	at org.testng.TestNG.run(TestNG.java:1030)
	at org.testng.remote.RemoteTestNG.run(RemoteTestNG.java:111)
	at org.testng.remote.RemoteTestNG.initAndRun(RemoteTestNG.java:204)
	at org.testng.remote.RemoteTestNG.main(RemoteTestNG.java:175)
]]>
    </failure>
  </testcase> <!-- isExist -->
</testsuite> <!-- com.FCI.SWE.ServicesModels.UserEntityTest -->
