<?xml version="1.0" encoding="UTF-8"?>
<!-- Generated by org.testng.reporters.JUnitReportReporter -->
<testsuite hostname="MahmoudHadad" name="com.FCI.SWE.Services.NotificationServiceTest" tests="17" failures="0" timestamp="9 May 2015 21:02:32 GMT" time="0.031" errors="0">
  <testcase name="getAllMessages" time="0.001" classname="com.FCI.SWE.Services.NotificationServiceTest"/>
  <testcase name="getFriendRequestByID" time="0.001" classname="com.FCI.SWE.Services.NotificationServiceTest"/>
  <testcase name="deleteFriendRequest" time="0.001" classname="com.FCI.SWE.Services.NotificationServiceTest"/>
  <testcase name="getMessagesByID" time="0.001" classname="com.FCI.SWE.Services.NotificationServiceTest"/>
  <testcase name="sendFriendRequest" time="0.001" classname="com.FCI.SWE.Services.NotificationServiceTest"/>
  <testcase name="SendConversationMessage" time="0.015" classname="com.FCI.SWE.Services.NotificationServiceTest"/>
  <testcase name="getUnseenConversationMessages" time="0.001" classname="com.FCI.SWE.Services.NotificationServiceTest"/>
  <testcase name="sendFriendRequest" time="0.001" classname="com.FCI.SWE.Services.NotificationServiceTest"/>
  <testcase name="addToConversation" time="0.001" classname="com.FCI.SWE.Services.NotificationServiceTest"/>
  <testcase name="sendFriendRequest" time="0.001" classname="com.FCI.SWE.Services.NotificationServiceTest"/>
  <testcase name="sendFriendRequest" time="0.001" classname="com.FCI.SWE.Services.NotificationServiceTest"/>
  <testcase name="createMessage" time="0.001" classname="com.FCI.SWE.Services.NotificationServiceTest"/>
  <testcase name="getUnseenFriendRequests" time="0.001" classname="com.FCI.SWE.Services.NotificationServiceTest"/>
  <testcase name="getConversationMessages" time="0.001" classname="com.FCI.SWE.Services.NotificationServiceTest"/>
  <testcase name="sendFriendRequest" time="0.001" classname="com.FCI.SWE.Services.NotificationServiceTest"/>
  <testcase name="getUnseenMessages" time="0.001" classname="com.FCI.SWE.Services.NotificationServiceTest"/>
  <testcase name="createConversation" time="0.001" classname="com.FCI.SWE.Services.NotificationServiceTest"/>
</testsuite> <!-- com.FCI.SWE.Services.NotificationServiceTest -->
