<?xml version="1.0" encoding="UTF-8"?>
<!-- Generated by org.testng.reporters.JUnitReportReporter -->
<testsuite hostname="ahmed-Satellite-P755D" name="com.FCI.SWE.ServicesModels.ConversationEntityTest" tests="14" failures="0" timestamp="10 May 2015 17:56:33 GMT" time="0.173" errors="13">
  <testcase name="setDate" time="0.144" classname="com.FCI.SWE.ServicesModels.ConversationEntityTest">
    <error type="java.util.ServiceConfigurationError" message="com.google.appengine.tools.development.LocalRpcService: Provider com.google.appengine.api.datastore.dev.LocalCloudDatastoreV1Service could not be instantiated">
      <![CDATA[java.util.ServiceConfigurationError: com.google.appengine.tools.development.LocalRpcService: Provider com.google.appengine.api.datastore.dev.LocalCloudDatastoreV1Service could not be instantiated
	at java.util.ServiceLoader.fail(ServiceLoader.java:224)
	at java.util.ServiceLoader.access$100(ServiceLoader.java:181)
	at java.util.ServiceLoader$LazyIterator.next(ServiceLoader.java:377)
	at java.util.ServiceLoader$1.next(ServiceLoader.java:445)
	at com.google.appengine.tools.development.ApiProxyLocalImpl.startServices(ApiProxyLocalImpl.java:600)
	at com.google.appengine.tools.development.ApiProxyLocalImpl.access$700(ApiProxyLocalImpl.java:46)
	at com.google.appengine.tools.development.ApiProxyLocalImpl$2.run(ApiProxyLocalImpl.java:584)
	at com.google.appengine.tools.development.ApiProxyLocalImpl$2.run(ApiProxyLocalImpl.java:581)
	at java.security.AccessController.doPrivileged(Native Method)
	at com.google.appengine.tools.development.ApiProxyLocalImpl.getService(ApiProxyLocalImpl.java:580)
	at com.google.appengine.tools.development.testing.LocalServiceTestHelper.getLocalService(LocalServiceTestHelper.java:589)
	at com.google.appengine.tools.development.testing.LocalDatastoreServiceTestConfig.getLocalDatastoreService(LocalDatastoreServiceTestConfig.java:294)
	at com.google.appengine.tools.development.testing.LocalDatastoreServiceTestConfig.tearDown(LocalDatastoreServiceTestConfig.java:288)
	at com.google.appengine.tools.development.testing.LocalServiceTestHelper.tearDownService(LocalServiceTestHelper.java:548)
	at com.google.appengine.tools.development.testing.LocalServiceTestHelper.tearDown(LocalServiceTestHelper.java:520)
	at com.FCI.SWE.ServicesModels.ConversationEntityTest.tearDown(ConversationEntityTest.java:39)
	at sun.reflect.NativeMethodAccessorImpl.invoke0(Native Method)
	at sun.reflect.NativeMethodAccessorImpl.invoke(NativeMethodAccessorImpl.java:57)
	at sun.reflect.DelegatingMethodAccessorImpl.invoke(DelegatingMethodAccessorImpl.java:43)
	at java.lang.reflect.Method.invoke(Method.java:606)
	at org.testng.internal.MethodInvocationHelper.invokeMethod(MethodInvocationHelper.java:85)
	at org.testng.internal.Invoker.invokeConfigurationMethod(Invoker.java:517)
	at org.testng.internal.Invoker.invokeConfigurations(Invoker.java:213)
	at org.testng.internal.Invoker.invokeMethod(Invoker.java:732)
	at org.testng.internal.Invoker.invokeTestMethod(Invoker.java:845)
	at org.testng.internal.Invoker.invokeTestMethods(Invoker.java:1153)
	at org.testng.internal.TestMethodWorker.invokeTestMethods(TestMethodWorker.java:124)
	at org.testng.internal.TestMethodWorker.run(TestMethodWorker.java:108)
	at org.testng.TestRunner.privateRun(TestRunner.java:771)
	at org.testng.TestRunner.run(TestRunner.java:621)
	at org.testng.SuiteRunner.runTest(SuiteRunner.java:352)
	at org.testng.SuiteRunner.runSequentially(SuiteRunner.java:347)
	at org.testng.SuiteRunner.privateRun(SuiteRunner.java:305)
	at org.testng.SuiteRunner.run(SuiteRunner.java:254)
	at org.testng.SuiteRunnerWorker.runSuite(SuiteRunnerWorker.java:52)
	at org.testng.SuiteRunnerWorker.run(SuiteRunnerWorker.java:86)
	at org.testng.TestNG.runSuitesSequentially(TestNG.java:1199)
	at org.testng.TestNG.runSuitesLocally(TestNG.java:1124)
	at org.testng.TestNG.run(TestNG.java:1032)
	at org.testng.remote.RemoteTestNG.run(RemoteTestNG.java:111)
	at org.testng.remote.RemoteTestNG.initAndRun(RemoteTestNG.java:204)
	at org.testng.remote.RemoteTestNG.main(RemoteTestNG.java:175)
Caused by: java.lang.NoSuchFieldError: EMPTY
	at com.google.apphosting.datastore.shared.Config$DatastoreConfig.<init>(Config.java:267)
	at com.google.apphosting.datastore.shared.Config$DatastoreConfig.<clinit>(Config.java:2282)
	at com.google.appengine.api.datastore.dev.LocalCloudDatastoreV1Service.<clinit>(LocalCloudDatastoreV1Service.java:139)
	at sun.reflect.NativeConstructorAccessorImpl.newInstance0(Native Method)
	at sun.reflect.NativeConstructorAccessorImpl.newInstance(NativeConstructorAccessorImpl.java:57)
	at sun.reflect.DelegatingConstructorAccessorImpl.newInstance(DelegatingConstructorAccessorImpl.java:45)
	at java.lang.reflect.Constructor.newInstance(Constructor.java:526)
	at java.lang.Class.newInstance(Class.java:379)
	at java.util.ServiceLoader$LazyIterator.next(ServiceLoader.java:373)
	... 39 more
]]>
    </error>
  </testcase> <!-- setDate -->
  <testcase name="setMembers" time="0.001" classname="com.FCI.SWE.ServicesModels.ConversationEntityTest">
    <error type="java.util.ServiceConfigurationError" message="com.google.appengine.tools.development.LocalRpcService: Provider com.google.appengine.api.datastore.dev.LocalCloudDatastoreV1Service could not be instantiated">
      <![CDATA[java.util.ServiceConfigurationError: com.google.appengine.tools.development.LocalRpcService: Provider com.google.appengine.api.datastore.dev.LocalCloudDatastoreV1Service could not be instantiated
	at java.util.ServiceLoader.fail(ServiceLoader.java:224)
	at java.util.ServiceLoader.access$100(ServiceLoader.java:181)
	at java.util.ServiceLoader$LazyIterator.next(ServiceLoader.java:377)
	at java.util.ServiceLoader$1.next(ServiceLoader.java:445)
	at com.google.appengine.tools.development.ApiProxyLocalImpl.startServices(ApiProxyLocalImpl.java:600)
	at com.google.appengine.tools.development.ApiProxyLocalImpl.access$700(ApiProxyLocalImpl.java:46)
	at com.google.appengine.tools.development.ApiProxyLocalImpl$2.run(ApiProxyLocalImpl.java:584)
	at com.google.appengine.tools.development.ApiProxyLocalImpl$2.run(ApiProxyLocalImpl.java:581)
	at java.security.AccessController.doPrivileged(Native Method)
	at com.google.appengine.tools.development.ApiProxyLocalImpl.getService(ApiProxyLocalImpl.java:580)
	at com.google.appengine.tools.development.testing.LocalServiceTestHelper.getLocalService(LocalServiceTestHelper.java:589)
	at com.google.appengine.tools.development.testing.LocalDatastoreServiceTestConfig.getLocalDatastoreService(LocalDatastoreServiceTestConfig.java:294)
	at com.google.appengine.tools.development.testing.LocalDatastoreServiceTestConfig.tearDown(LocalDatastoreServiceTestConfig.java:288)
	at com.google.appengine.tools.development.testing.LocalServiceTestHelper.tearDownService(LocalServiceTestHelper.java:548)
	at com.google.appengine.tools.development.testing.LocalServiceTestHelper.tearDown(LocalServiceTestHelper.java:520)
	at com.FCI.SWE.ServicesModels.ConversationEntityTest.tearDown(ConversationEntityTest.java:39)
	at sun.reflect.NativeMethodAccessorImpl.invoke0(Native Method)
	at sun.reflect.NativeMethodAccessorImpl.invoke(NativeMethodAccessorImpl.java:57)
	at sun.reflect.DelegatingMethodAccessorImpl.invoke(DelegatingMethodAccessorImpl.java:43)
	at java.lang.reflect.Method.invoke(Method.java:606)
	at org.testng.internal.MethodInvocationHelper.invokeMethod(MethodInvocationHelper.java:85)
	at org.testng.internal.Invoker.invokeConfigurationMethod(Invoker.java:517)
	at org.testng.internal.Invoker.invokeConfigurations(Invoker.java:213)
	at org.testng.internal.Invoker.invokeMethod(Invoker.java:732)
	at org.testng.internal.Invoker.invokeTestMethod(Invoker.java:845)
	at org.testng.internal.Invoker.invokeTestMethods(Invoker.java:1153)
	at org.testng.internal.TestMethodWorker.invokeTestMethods(TestMethodWorker.java:124)
	at org.testng.internal.TestMethodWorker.run(TestMethodWorker.java:108)
	at org.testng.TestRunner.privateRun(TestRunner.java:771)
	at org.testng.TestRunner.run(TestRunner.java:621)
	at org.testng.SuiteRunner.runTest(SuiteRunner.java:352)
	at org.testng.SuiteRunner.runSequentially(SuiteRunner.java:347)
	at org.testng.SuiteRunner.privateRun(SuiteRunner.java:305)
	at org.testng.SuiteRunner.run(SuiteRunner.java:254)
	at org.testng.SuiteRunnerWorker.runSuite(SuiteRunnerWorker.java:52)
	at org.testng.SuiteRunnerWorker.run(SuiteRunnerWorker.java:86)
	at org.testng.TestNG.runSuitesSequentially(TestNG.java:1199)
	at org.testng.TestNG.runSuitesLocally(TestNG.java:1124)
	at org.testng.TestNG.run(TestNG.java:1032)
	at org.testng.remote.RemoteTestNG.run(RemoteTestNG.java:111)
	at org.testng.remote.RemoteTestNG.initAndRun(RemoteTestNG.java:204)
	at org.testng.remote.RemoteTestNG.main(RemoteTestNG.java:175)
Caused by: java.lang.NoSuchFieldError: EMPTY
	at com.google.apphosting.datastore.shared.Config$DatastoreConfig.<init>(Config.java:267)
	at com.google.apphosting.datastore.shared.Config$DatastoreConfig.<clinit>(Config.java:2282)
	at com.google.appengine.api.datastore.dev.LocalCloudDatastoreV1Service.<clinit>(LocalCloudDatastoreV1Service.java:139)
	at sun.reflect.NativeConstructorAccessorImpl.newInstance0(Native Method)
	at sun.reflect.NativeConstructorAccessorImpl.newInstance(NativeConstructorAccessorImpl.java:57)
	at sun.reflect.DelegatingConstructorAccessorImpl.newInstance(DelegatingConstructorAccessorImpl.java:45)
	at java.lang.reflect.Constructor.newInstance(Constructor.java:526)
	at java.lang.Class.newInstance(Class.java:379)
	at java.util.ServiceLoader$LazyIterator.next(ServiceLoader.java:373)
	... 39 more
]]>
    </error>
  </testcase> <!-- setMembers -->
  <testcase name="getOwner" time="0.001" classname="com.FCI.SWE.ServicesModels.ConversationEntityTest">
    <error type="java.util.ServiceConfigurationError" message="com.google.appengine.tools.development.LocalRpcService: Provider com.google.appengine.api.datastore.dev.LocalCloudDatastoreV1Service could not be instantiated">
      <![CDATA[java.util.ServiceConfigurationError: com.google.appengine.tools.development.LocalRpcService: Provider com.google.appengine.api.datastore.dev.LocalCloudDatastoreV1Service could not be instantiated
	at java.util.ServiceLoader.fail(ServiceLoader.java:224)
	at java.util.ServiceLoader.access$100(ServiceLoader.java:181)
	at java.util.ServiceLoader$LazyIterator.next(ServiceLoader.java:377)
	at java.util.ServiceLoader$1.next(ServiceLoader.java:445)
	at com.google.appengine.tools.development.ApiProxyLocalImpl.startServices(ApiProxyLocalImpl.java:600)
	at com.google.appengine.tools.development.ApiProxyLocalImpl.access$700(ApiProxyLocalImpl.java:46)
	at com.google.appengine.tools.development.ApiProxyLocalImpl$2.run(ApiProxyLocalImpl.java:584)
	at com.google.appengine.tools.development.ApiProxyLocalImpl$2.run(ApiProxyLocalImpl.java:581)
	at java.security.AccessController.doPrivileged(Native Method)
	at com.google.appengine.tools.development.ApiProxyLocalImpl.getService(ApiProxyLocalImpl.java:580)
	at com.google.appengine.tools.development.testing.LocalServiceTestHelper.getLocalService(LocalServiceTestHelper.java:589)
	at com.google.appengine.tools.development.testing.LocalDatastoreServiceTestConfig.getLocalDatastoreService(LocalDatastoreServiceTestConfig.java:294)
	at com.google.appengine.tools.development.testing.LocalDatastoreServiceTestConfig.tearDown(LocalDatastoreServiceTestConfig.java:288)
	at com.google.appengine.tools.development.testing.LocalServiceTestHelper.tearDownService(LocalServiceTestHelper.java:548)
	at com.google.appengine.tools.development.testing.LocalServiceTestHelper.tearDown(LocalServiceTestHelper.java:520)
	at com.FCI.SWE.ServicesModels.ConversationEntityTest.tearDown(ConversationEntityTest.java:39)
	at sun.reflect.NativeMethodAccessorImpl.invoke0(Native Method)
	at sun.reflect.NativeMethodAccessorImpl.invoke(NativeMethodAccessorImpl.java:57)
	at sun.reflect.DelegatingMethodAccessorImpl.invoke(DelegatingMethodAccessorImpl.java:43)
	at java.lang.reflect.Method.invoke(Method.java:606)
	at org.testng.internal.MethodInvocationHelper.invokeMethod(MethodInvocationHelper.java:85)
	at org.testng.internal.Invoker.invokeConfigurationMethod(Invoker.java:517)
	at org.testng.internal.Invoker.invokeConfigurations(Invoker.java:213)
	at org.testng.internal.Invoker.invokeMethod(Invoker.java:732)
	at org.testng.internal.Invoker.invokeTestMethod(Invoker.java:845)
	at org.testng.internal.Invoker.invokeTestMethods(Invoker.java:1153)
	at org.testng.internal.TestMethodWorker.invokeTestMethods(TestMethodWorker.java:124)
	at org.testng.internal.TestMethodWorker.run(TestMethodWorker.java:108)
	at org.testng.TestRunner.privateRun(TestRunner.java:771)
	at org.testng.TestRunner.run(TestRunner.java:621)
	at org.testng.SuiteRunner.runTest(SuiteRunner.java:352)
	at org.testng.SuiteRunner.runSequentially(SuiteRunner.java:347)
	at org.testng.SuiteRunner.privateRun(SuiteRunner.java:305)
	at org.testng.SuiteRunner.run(SuiteRunner.java:254)
	at org.testng.SuiteRunnerWorker.runSuite(SuiteRunnerWorker.java:52)
	at org.testng.SuiteRunnerWorker.run(SuiteRunnerWorker.java:86)
	at org.testng.TestNG.runSuitesSequentially(TestNG.java:1199)
	at org.testng.TestNG.runSuitesLocally(TestNG.java:1124)
	at org.testng.TestNG.run(TestNG.java:1032)
	at org.testng.remote.RemoteTestNG.run(RemoteTestNG.java:111)
	at org.testng.remote.RemoteTestNG.initAndRun(RemoteTestNG.java:204)
	at org.testng.remote.RemoteTestNG.main(RemoteTestNG.java:175)
Caused by: java.lang.NoSuchFieldError: EMPTY
	at com.google.apphosting.datastore.shared.Config$DatastoreConfig.<init>(Config.java:267)
	at com.google.apphosting.datastore.shared.Config$DatastoreConfig.<clinit>(Config.java:2282)
	at com.google.appengine.api.datastore.dev.LocalCloudDatastoreV1Service.<clinit>(LocalCloudDatastoreV1Service.java:139)
	at sun.reflect.NativeConstructorAccessorImpl.newInstance0(Native Method)
	at sun.reflect.NativeConstructorAccessorImpl.newInstance(NativeConstructorAccessorImpl.java:57)
	at sun.reflect.DelegatingConstructorAccessorImpl.newInstance(DelegatingConstructorAccessorImpl.java:45)
	at java.lang.reflect.Constructor.newInstance(Constructor.java:526)
	at java.lang.Class.newInstance(Class.java:379)
	at java.util.ServiceLoader$LazyIterator.next(ServiceLoader.java:373)
	... 39 more
]]>
    </error>
  </testcase> <!-- getOwner -->
  <testcase name="createConversation" time="0.001" classname="com.FCI.SWE.ServicesModels.ConversationEntityTest">
    <error type="java.util.ServiceConfigurationError" message="com.google.appengine.tools.development.LocalRpcService: Provider com.google.appengine.api.datastore.dev.LocalCloudDatastoreV1Service could not be instantiated">
      <![CDATA[java.util.ServiceConfigurationError: com.google.appengine.tools.development.LocalRpcService: Provider com.google.appengine.api.datastore.dev.LocalCloudDatastoreV1Service could not be instantiated
	at java.util.ServiceLoader.fail(ServiceLoader.java:224)
	at java.util.ServiceLoader.access$100(ServiceLoader.java:181)
	at java.util.ServiceLoader$LazyIterator.next(ServiceLoader.java:377)
	at java.util.ServiceLoader$1.next(ServiceLoader.java:445)
	at com.google.appengine.tools.development.ApiProxyLocalImpl.startServices(ApiProxyLocalImpl.java:600)
	at com.google.appengine.tools.development.ApiProxyLocalImpl.access$700(ApiProxyLocalImpl.java:46)
	at com.google.appengine.tools.development.ApiProxyLocalImpl$2.run(ApiProxyLocalImpl.java:584)
	at com.google.appengine.tools.development.ApiProxyLocalImpl$2.run(ApiProxyLocalImpl.java:581)
	at java.security.AccessController.doPrivileged(Native Method)
	at com.google.appengine.tools.development.ApiProxyLocalImpl.getService(ApiProxyLocalImpl.java:580)
	at com.google.appengine.tools.development.testing.LocalServiceTestHelper.getLocalService(LocalServiceTestHelper.java:589)
	at com.google.appengine.tools.development.testing.LocalDatastoreServiceTestConfig.getLocalDatastoreService(LocalDatastoreServiceTestConfig.java:294)
	at com.google.appengine.tools.development.testing.LocalDatastoreServiceTestConfig.tearDown(LocalDatastoreServiceTestConfig.java:288)
	at com.google.appengine.tools.development.testing.LocalServiceTestHelper.tearDownService(LocalServiceTestHelper.java:548)
	at com.google.appengine.tools.development.testing.LocalServiceTestHelper.tearDown(LocalServiceTestHelper.java:520)
	at com.FCI.SWE.ServicesModels.ConversationEntityTest.tearDown(ConversationEntityTest.java:39)
	at sun.reflect.NativeMethodAccessorImpl.invoke0(Native Method)
	at sun.reflect.NativeMethodAccessorImpl.invoke(NativeMethodAccessorImpl.java:57)
	at sun.reflect.DelegatingMethodAccessorImpl.invoke(DelegatingMethodAccessorImpl.java:43)
	at java.lang.reflect.Method.invoke(Method.java:606)
	at org.testng.internal.MethodInvocationHelper.invokeMethod(MethodInvocationHelper.java:85)
	at org.testng.internal.Invoker.invokeConfigurationMethod(Invoker.java:517)
	at org.testng.internal.Invoker.invokeConfigurations(Invoker.java:213)
	at org.testng.internal.Invoker.invokeMethod(Invoker.java:732)
	at org.testng.internal.Invoker.invokeTestMethod(Invoker.java:845)
	at org.testng.internal.Invoker.invokeTestMethods(Invoker.java:1153)
	at org.testng.internal.TestMethodWorker.invokeTestMethods(TestMethodWorker.java:124)
	at org.testng.internal.TestMethodWorker.run(TestMethodWorker.java:108)
	at org.testng.TestRunner.privateRun(TestRunner.java:771)
	at org.testng.TestRunner.run(TestRunner.java:621)
	at org.testng.SuiteRunner.runTest(SuiteRunner.java:352)
	at org.testng.SuiteRunner.runSequentially(SuiteRunner.java:347)
	at org.testng.SuiteRunner.privateRun(SuiteRunner.java:305)
	at org.testng.SuiteRunner.run(SuiteRunner.java:254)
	at org.testng.SuiteRunnerWorker.runSuite(SuiteRunnerWorker.java:52)
	at org.testng.SuiteRunnerWorker.run(SuiteRunnerWorker.java:86)
	at org.testng.TestNG.runSuitesSequentially(TestNG.java:1199)
	at org.testng.TestNG.runSuitesLocally(TestNG.java:1124)
	at org.testng.TestNG.run(TestNG.java:1032)
	at org.testng.remote.RemoteTestNG.run(RemoteTestNG.java:111)
	at org.testng.remote.RemoteTestNG.initAndRun(RemoteTestNG.java:204)
	at org.testng.remote.RemoteTestNG.main(RemoteTestNG.java:175)
Caused by: java.lang.NoSuchFieldError: EMPTY
	at com.google.apphosting.datastore.shared.Config$DatastoreConfig.<init>(Config.java:267)
	at com.google.apphosting.datastore.shared.Config$DatastoreConfig.<clinit>(Config.java:2282)
	at com.google.appengine.api.datastore.dev.LocalCloudDatastoreV1Service.<clinit>(LocalCloudDatastoreV1Service.java:139)
	at sun.reflect.NativeConstructorAccessorImpl.newInstance0(Native Method)
	at sun.reflect.NativeConstructorAccessorImpl.newInstance(NativeConstructorAccessorImpl.java:57)
	at sun.reflect.DelegatingConstructorAccessorImpl.newInstance(DelegatingConstructorAccessorImpl.java:45)
	at java.lang.reflect.Constructor.newInstance(Constructor.java:526)
	at java.lang.Class.newInstance(Class.java:379)
	at java.util.ServiceLoader$LazyIterator.next(ServiceLoader.java:373)
	... 39 more
]]>
    </error>
  </testcase> <!-- createConversation -->
  <testcase name="ConversationEntity" time="0.016" classname="com.FCI.SWE.ServicesModels.ConversationEntityTest"/>
  <testcase name="setName" time="0.001" classname="com.FCI.SWE.ServicesModels.ConversationEntityTest">
    <error type="java.util.ServiceConfigurationError" message="com.google.appengine.tools.development.LocalRpcService: Provider com.google.appengine.api.datastore.dev.LocalCloudDatastoreV1Service could not be instantiated">
      <![CDATA[java.util.ServiceConfigurationError: com.google.appengine.tools.development.LocalRpcService: Provider com.google.appengine.api.datastore.dev.LocalCloudDatastoreV1Service could not be instantiated
	at java.util.ServiceLoader.fail(ServiceLoader.java:224)
	at java.util.ServiceLoader.access$100(ServiceLoader.java:181)
	at java.util.ServiceLoader$LazyIterator.next(ServiceLoader.java:377)
	at java.util.ServiceLoader$1.next(ServiceLoader.java:445)
	at com.google.appengine.tools.development.ApiProxyLocalImpl.startServices(ApiProxyLocalImpl.java:600)
	at com.google.appengine.tools.development.ApiProxyLocalImpl.access$700(ApiProxyLocalImpl.java:46)
	at com.google.appengine.tools.development.ApiProxyLocalImpl$2.run(ApiProxyLocalImpl.java:584)
	at com.google.appengine.tools.development.ApiProxyLocalImpl$2.run(ApiProxyLocalImpl.java:581)
	at java.security.AccessController.doPrivileged(Native Method)
	at com.google.appengine.tools.development.ApiProxyLocalImpl.getService(ApiProxyLocalImpl.java:580)
	at com.google.appengine.tools.development.testing.LocalServiceTestHelper.getLocalService(LocalServiceTestHelper.java:589)
	at com.google.appengine.tools.development.testing.LocalDatastoreServiceTestConfig.getLocalDatastoreService(LocalDatastoreServiceTestConfig.java:294)
	at com.google.appengine.tools.development.testing.LocalDatastoreServiceTestConfig.tearDown(LocalDatastoreServiceTestConfig.java:288)
	at com.google.appengine.tools.development.testing.LocalServiceTestHelper.tearDownService(LocalServiceTestHelper.java:548)
	at com.google.appengine.tools.development.testing.LocalServiceTestHelper.tearDown(LocalServiceTestHelper.java:520)
	at com.FCI.SWE.ServicesModels.ConversationEntityTest.tearDown(ConversationEntityTest.java:39)
	at sun.reflect.NativeMethodAccessorImpl.invoke0(Native Method)
	at sun.reflect.NativeMethodAccessorImpl.invoke(NativeMethodAccessorImpl.java:57)
	at sun.reflect.DelegatingMethodAccessorImpl.invoke(DelegatingMethodAccessorImpl.java:43)
	at java.lang.reflect.Method.invoke(Method.java:606)
	at org.testng.internal.MethodInvocationHelper.invokeMethod(MethodInvocationHelper.java:85)
	at org.testng.internal.Invoker.invokeConfigurationMethod(Invoker.java:517)
	at org.testng.internal.Invoker.invokeConfigurations(Invoker.java:213)
	at org.testng.internal.Invoker.invokeMethod(Invoker.java:732)
	at org.testng.internal.Invoker.invokeTestMethod(Invoker.java:845)
	at org.testng.internal.Invoker.invokeTestMethods(Invoker.java:1153)
	at org.testng.internal.TestMethodWorker.invokeTestMethods(TestMethodWorker.java:124)
	at org.testng.internal.TestMethodWorker.run(TestMethodWorker.java:108)
	at org.testng.TestRunner.privateRun(TestRunner.java:771)
	at org.testng.TestRunner.run(TestRunner.java:621)
	at org.testng.SuiteRunner.runTest(SuiteRunner.java:352)
	at org.testng.SuiteRunner.runSequentially(SuiteRunner.java:347)
	at org.testng.SuiteRunner.privateRun(SuiteRunner.java:305)
	at org.testng.SuiteRunner.run(SuiteRunner.java:254)
	at org.testng.SuiteRunnerWorker.runSuite(SuiteRunnerWorker.java:52)
	at org.testng.SuiteRunnerWorker.run(SuiteRunnerWorker.java:86)
	at org.testng.TestNG.runSuitesSequentially(TestNG.java:1199)
	at org.testng.TestNG.runSuitesLocally(TestNG.java:1124)
	at org.testng.TestNG.run(TestNG.java:1032)
	at org.testng.remote.RemoteTestNG.run(RemoteTestNG.java:111)
	at org.testng.remote.RemoteTestNG.initAndRun(RemoteTestNG.java:204)
	at org.testng.remote.RemoteTestNG.main(RemoteTestNG.java:175)
Caused by: java.lang.NoSuchFieldError: EMPTY
	at com.google.apphosting.datastore.shared.Config$DatastoreConfig.<init>(Config.java:267)
	at com.google.apphosting.datastore.shared.Config$DatastoreConfig.<clinit>(Config.java:2282)
	at com.google.appengine.api.datastore.dev.LocalCloudDatastoreV1Service.<clinit>(LocalCloudDatastoreV1Service.java:139)
	at sun.reflect.NativeConstructorAccessorImpl.newInstance0(Native Method)
	at sun.reflect.NativeConstructorAccessorImpl.newInstance(NativeConstructorAccessorImpl.java:57)
	at sun.reflect.DelegatingConstructorAccessorImpl.newInstance(DelegatingConstructorAccessorImpl.java:45)
	at java.lang.reflect.Constructor.newInstance(Constructor.java:526)
	at java.lang.Class.newInstance(Class.java:379)
	at java.util.ServiceLoader$LazyIterator.next(ServiceLoader.java:373)
	... 39 more
]]>
    </error>
  </testcase> <!-- setName -->
  <testcase name="getDate" time="0.001" classname="com.FCI.SWE.ServicesModels.ConversationEntityTest">
    <error type="java.util.ServiceConfigurationError" message="com.google.appengine.tools.development.LocalRpcService: Provider com.google.appengine.api.datastore.dev.LocalCloudDatastoreV1Service could not be instantiated">
      <![CDATA[java.util.ServiceConfigurationError: com.google.appengine.tools.development.LocalRpcService: Provider com.google.appengine.api.datastore.dev.LocalCloudDatastoreV1Service could not be instantiated
	at java.util.ServiceLoader.fail(ServiceLoader.java:224)
	at java.util.ServiceLoader.access$100(ServiceLoader.java:181)
	at java.util.ServiceLoader$LazyIterator.next(ServiceLoader.java:377)
	at java.util.ServiceLoader$1.next(ServiceLoader.java:445)
	at com.google.appengine.tools.development.ApiProxyLocalImpl.startServices(ApiProxyLocalImpl.java:600)
	at com.google.appengine.tools.development.ApiProxyLocalImpl.access$700(ApiProxyLocalImpl.java:46)
	at com.google.appengine.tools.development.ApiProxyLocalImpl$2.run(ApiProxyLocalImpl.java:584)
	at com.google.appengine.tools.development.ApiProxyLocalImpl$2.run(ApiProxyLocalImpl.java:581)
	at java.security.AccessController.doPrivileged(Native Method)
	at com.google.appengine.tools.development.ApiProxyLocalImpl.getService(ApiProxyLocalImpl.java:580)
	at com.google.appengine.tools.development.testing.LocalServiceTestHelper.getLocalService(LocalServiceTestHelper.java:589)
	at com.google.appengine.tools.development.testing.LocalDatastoreServiceTestConfig.getLocalDatastoreService(LocalDatastoreServiceTestConfig.java:294)
	at com.google.appengine.tools.development.testing.LocalDatastoreServiceTestConfig.tearDown(LocalDatastoreServiceTestConfig.java:288)
	at com.google.appengine.tools.development.testing.LocalServiceTestHelper.tearDownService(LocalServiceTestHelper.java:548)
	at com.google.appengine.tools.development.testing.LocalServiceTestHelper.tearDown(LocalServiceTestHelper.java:520)
	at com.FCI.SWE.ServicesModels.ConversationEntityTest.tearDown(ConversationEntityTest.java:39)
	at sun.reflect.NativeMethodAccessorImpl.invoke0(Native Method)
	at sun.reflect.NativeMethodAccessorImpl.invoke(NativeMethodAccessorImpl.java:57)
	at sun.reflect.DelegatingMethodAccessorImpl.invoke(DelegatingMethodAccessorImpl.java:43)
	at java.lang.reflect.Method.invoke(Method.java:606)
	at org.testng.internal.MethodInvocationHelper.invokeMethod(MethodInvocationHelper.java:85)
	at org.testng.internal.Invoker.invokeConfigurationMethod(Invoker.java:517)
	at org.testng.internal.Invoker.invokeConfigurations(Invoker.java:213)
	at org.testng.internal.Invoker.invokeMethod(Invoker.java:732)
	at org.testng.internal.Invoker.invokeTestMethod(Invoker.java:845)
	at org.testng.internal.Invoker.invokeTestMethods(Invoker.java:1153)
	at org.testng.internal.TestMethodWorker.invokeTestMethods(TestMethodWorker.java:124)
	at org.testng.internal.TestMethodWorker.run(TestMethodWorker.java:108)
	at org.testng.TestRunner.privateRun(TestRunner.java:771)
	at org.testng.TestRunner.run(TestRunner.java:621)
	at org.testng.SuiteRunner.runTest(SuiteRunner.java:352)
	at org.testng.SuiteRunner.runSequentially(SuiteRunner.java:347)
	at org.testng.SuiteRunner.privateRun(SuiteRunner.java:305)
	at org.testng.SuiteRunner.run(SuiteRunner.java:254)
	at org.testng.SuiteRunnerWorker.runSuite(SuiteRunnerWorker.java:52)
	at org.testng.SuiteRunnerWorker.run(SuiteRunnerWorker.java:86)
	at org.testng.TestNG.runSuitesSequentially(TestNG.java:1199)
	at org.testng.TestNG.runSuitesLocally(TestNG.java:1124)
	at org.testng.TestNG.run(TestNG.java:1032)
	at org.testng.remote.RemoteTestNG.run(RemoteTestNG.java:111)
	at org.testng.remote.RemoteTestNG.initAndRun(RemoteTestNG.java:204)
	at org.testng.remote.RemoteTestNG.main(RemoteTestNG.java:175)
Caused by: java.lang.NoSuchFieldError: EMPTY
	at com.google.apphosting.datastore.shared.Config$DatastoreConfig.<init>(Config.java:267)
	at com.google.apphosting.datastore.shared.Config$DatastoreConfig.<clinit>(Config.java:2282)
	at com.google.appengine.api.datastore.dev.LocalCloudDatastoreV1Service.<clinit>(LocalCloudDatastoreV1Service.java:139)
	at sun.reflect.NativeConstructorAccessorImpl.newInstance0(Native Method)
	at sun.reflect.NativeConstructorAccessorImpl.newInstance(NativeConstructorAccessorImpl.java:57)
	at sun.reflect.DelegatingConstructorAccessorImpl.newInstance(DelegatingConstructorAccessorImpl.java:45)
	at java.lang.reflect.Constructor.newInstance(Constructor.java:526)
	at java.lang.Class.newInstance(Class.java:379)
	at java.util.ServiceLoader$LazyIterator.next(ServiceLoader.java:373)
	... 39 more
]]>
    </error>
  </testcase> <!-- getDate -->
  <testcase name="setId" time="0.001" classname="com.FCI.SWE.ServicesModels.ConversationEntityTest">
    <error type="java.util.ServiceConfigurationError" message="com.google.appengine.tools.development.LocalRpcService: Provider com.google.appengine.api.datastore.dev.LocalCloudDatastoreV1Service could not be instantiated">
      <![CDATA[java.util.ServiceConfigurationError: com.google.appengine.tools.development.LocalRpcService: Provider com.google.appengine.api.datastore.dev.LocalCloudDatastoreV1Service could not be instantiated
	at java.util.ServiceLoader.fail(ServiceLoader.java:224)
	at java.util.ServiceLoader.access$100(ServiceLoader.java:181)
	at java.util.ServiceLoader$LazyIterator.next(ServiceLoader.java:377)
	at java.util.ServiceLoader$1.next(ServiceLoader.java:445)
	at com.google.appengine.tools.development.ApiProxyLocalImpl.startServices(ApiProxyLocalImpl.java:600)
	at com.google.appengine.tools.development.ApiProxyLocalImpl.access$700(ApiProxyLocalImpl.java:46)
	at com.google.appengine.tools.development.ApiProxyLocalImpl$2.run(ApiProxyLocalImpl.java:584)
	at com.google.appengine.tools.development.ApiProxyLocalImpl$2.run(ApiProxyLocalImpl.java:581)
	at java.security.AccessController.doPrivileged(Native Method)
	at com.google.appengine.tools.development.ApiProxyLocalImpl.getService(ApiProxyLocalImpl.java:580)
	at com.google.appengine.tools.development.testing.LocalServiceTestHelper.getLocalService(LocalServiceTestHelper.java:589)
	at com.google.appengine.tools.development.testing.LocalDatastoreServiceTestConfig.getLocalDatastoreService(LocalDatastoreServiceTestConfig.java:294)
	at com.google.appengine.tools.development.testing.LocalDatastoreServiceTestConfig.tearDown(LocalDatastoreServiceTestConfig.java:288)
	at com.google.appengine.tools.development.testing.LocalServiceTestHelper.tearDownService(LocalServiceTestHelper.java:548)
	at com.google.appengine.tools.development.testing.LocalServiceTestHelper.tearDown(LocalServiceTestHelper.java:520)
	at com.FCI.SWE.ServicesModels.ConversationEntityTest.tearDown(ConversationEntityTest.java:39)
	at sun.reflect.NativeMethodAccessorImpl.invoke0(Native Method)
	at sun.reflect.NativeMethodAccessorImpl.invoke(NativeMethodAccessorImpl.java:57)
	at sun.reflect.DelegatingMethodAccessorImpl.invoke(DelegatingMethodAccessorImpl.java:43)
	at java.lang.reflect.Method.invoke(Method.java:606)
	at org.testng.internal.MethodInvocationHelper.invokeMethod(MethodInvocationHelper.java:85)
	at org.testng.internal.Invoker.invokeConfigurationMethod(Invoker.java:517)
	at org.testng.internal.Invoker.invokeConfigurations(Invoker.java:213)
	at org.testng.internal.Invoker.invokeMethod(Invoker.java:732)
	at org.testng.internal.Invoker.invokeTestMethod(Invoker.java:845)
	at org.testng.internal.Invoker.invokeTestMethods(Invoker.java:1153)
	at org.testng.internal.TestMethodWorker.invokeTestMethods(TestMethodWorker.java:124)
	at org.testng.internal.TestMethodWorker.run(TestMethodWorker.java:108)
	at org.testng.TestRunner.privateRun(TestRunner.java:771)
	at org.testng.TestRunner.run(TestRunner.java:621)
	at org.testng.SuiteRunner.runTest(SuiteRunner.java:352)
	at org.testng.SuiteRunner.runSequentially(SuiteRunner.java:347)
	at org.testng.SuiteRunner.privateRun(SuiteRunner.java:305)
	at org.testng.SuiteRunner.run(SuiteRunner.java:254)
	at org.testng.SuiteRunnerWorker.runSuite(SuiteRunnerWorker.java:52)
	at org.testng.SuiteRunnerWorker.run(SuiteRunnerWorker.java:86)
	at org.testng.TestNG.runSuitesSequentially(TestNG.java:1199)
	at org.testng.TestNG.runSuitesLocally(TestNG.java:1124)
	at org.testng.TestNG.run(TestNG.java:1032)
	at org.testng.remote.RemoteTestNG.run(RemoteTestNG.java:111)
	at org.testng.remote.RemoteTestNG.initAndRun(RemoteTestNG.java:204)
	at org.testng.remote.RemoteTestNG.main(RemoteTestNG.java:175)
Caused by: java.lang.NoSuchFieldError: EMPTY
	at com.google.apphosting.datastore.shared.Config$DatastoreConfig.<init>(Config.java:267)
	at com.google.apphosting.datastore.shared.Config$DatastoreConfig.<clinit>(Config.java:2282)
	at com.google.appengine.api.datastore.dev.LocalCloudDatastoreV1Service.<clinit>(LocalCloudDatastoreV1Service.java:139)
	at sun.reflect.NativeConstructorAccessorImpl.newInstance0(Native Method)
	at sun.reflect.NativeConstructorAccessorImpl.newInstance(NativeConstructorAccessorImpl.java:57)
	at sun.reflect.DelegatingConstructorAccessorImpl.newInstance(DelegatingConstructorAccessorImpl.java:45)
	at java.lang.reflect.Constructor.newInstance(Constructor.java:526)
	at java.lang.Class.newInstance(Class.java:379)
	at java.util.ServiceLoader$LazyIterator.next(ServiceLoader.java:373)
	... 39 more
]]>
    </error>
  </testcase> <!-- setId -->
  <testcase name="getConversation" time="0.001" classname="com.FCI.SWE.ServicesModels.ConversationEntityTest">
    <error type="java.util.ServiceConfigurationError" message="com.google.appengine.tools.development.LocalRpcService: Provider com.google.appengine.api.datastore.dev.LocalCloudDatastoreV1Service could not be instantiated">
      <![CDATA[java.util.ServiceConfigurationError: com.google.appengine.tools.development.LocalRpcService: Provider com.google.appengine.api.datastore.dev.LocalCloudDatastoreV1Service could not be instantiated
	at java.util.ServiceLoader.fail(ServiceLoader.java:224)
	at java.util.ServiceLoader.access$100(ServiceLoader.java:181)
	at java.util.ServiceLoader$LazyIterator.next(ServiceLoader.java:377)
	at java.util.ServiceLoader$1.next(ServiceLoader.java:445)
	at com.google.appengine.tools.development.ApiProxyLocalImpl.startServices(ApiProxyLocalImpl.java:600)
	at com.google.appengine.tools.development.ApiProxyLocalImpl.access$700(ApiProxyLocalImpl.java:46)
	at com.google.appengine.tools.development.ApiProxyLocalImpl$2.run(ApiProxyLocalImpl.java:584)
	at com.google.appengine.tools.development.ApiProxyLocalImpl$2.run(ApiProxyLocalImpl.java:581)
	at java.security.AccessController.doPrivileged(Native Method)
	at com.google.appengine.tools.development.ApiProxyLocalImpl.getService(ApiProxyLocalImpl.java:580)
	at com.google.appengine.tools.development.testing.LocalServiceTestHelper.getLocalService(LocalServiceTestHelper.java:589)
	at com.google.appengine.tools.development.testing.LocalDatastoreServiceTestConfig.getLocalDatastoreService(LocalDatastoreServiceTestConfig.java:294)
	at com.google.appengine.tools.development.testing.LocalDatastoreServiceTestConfig.tearDown(LocalDatastoreServiceTestConfig.java:288)
	at com.google.appengine.tools.development.testing.LocalServiceTestHelper.tearDownService(LocalServiceTestHelper.java:548)
	at com.google.appengine.tools.development.testing.LocalServiceTestHelper.tearDown(LocalServiceTestHelper.java:520)
	at com.FCI.SWE.ServicesModels.ConversationEntityTest.tearDown(ConversationEntityTest.java:39)
	at sun.reflect.NativeMethodAccessorImpl.invoke0(Native Method)
	at sun.reflect.NativeMethodAccessorImpl.invoke(NativeMethodAccessorImpl.java:57)
	at sun.reflect.DelegatingMethodAccessorImpl.invoke(DelegatingMethodAccessorImpl.java:43)
	at java.lang.reflect.Method.invoke(Method.java:606)
	at org.testng.internal.MethodInvocationHelper.invokeMethod(MethodInvocationHelper.java:85)
	at org.testng.internal.Invoker.invokeConfigurationMethod(Invoker.java:517)
	at org.testng.internal.Invoker.invokeConfigurations(Invoker.java:213)
	at org.testng.internal.Invoker.invokeMethod(Invoker.java:732)
	at org.testng.internal.Invoker.invokeTestMethod(Invoker.java:845)
	at org.testng.internal.Invoker.invokeTestMethods(Invoker.java:1153)
	at org.testng.internal.TestMethodWorker.invokeTestMethods(TestMethodWorker.java:124)
	at org.testng.internal.TestMethodWorker.run(TestMethodWorker.java:108)
	at org.testng.TestRunner.privateRun(TestRunner.java:771)
	at org.testng.TestRunner.run(TestRunner.java:621)
	at org.testng.SuiteRunner.runTest(SuiteRunner.java:352)
	at org.testng.SuiteRunner.runSequentially(SuiteRunner.java:347)
	at org.testng.SuiteRunner.privateRun(SuiteRunner.java:305)
	at org.testng.SuiteRunner.run(SuiteRunner.java:254)
	at org.testng.SuiteRunnerWorker.runSuite(SuiteRunnerWorker.java:52)
	at org.testng.SuiteRunnerWorker.run(SuiteRunnerWorker.java:86)
	at org.testng.TestNG.runSuitesSequentially(TestNG.java:1199)
	at org.testng.TestNG.runSuitesLocally(TestNG.java:1124)
	at org.testng.TestNG.run(TestNG.java:1032)
	at org.testng.remote.RemoteTestNG.run(RemoteTestNG.java:111)
	at org.testng.remote.RemoteTestNG.initAndRun(RemoteTestNG.java:204)
	at org.testng.remote.RemoteTestNG.main(RemoteTestNG.java:175)
Caused by: java.lang.NoSuchFieldError: EMPTY
	at com.google.apphosting.datastore.shared.Config$DatastoreConfig.<init>(Config.java:267)
	at com.google.apphosting.datastore.shared.Config$DatastoreConfig.<clinit>(Config.java:2282)
	at com.google.appengine.api.datastore.dev.LocalCloudDatastoreV1Service.<clinit>(LocalCloudDatastoreV1Service.java:139)
	at sun.reflect.NativeConstructorAccessorImpl.newInstance0(Native Method)
	at sun.reflect.NativeConstructorAccessorImpl.newInstance(NativeConstructorAccessorImpl.java:57)
	at sun.reflect.DelegatingConstructorAccessorImpl.newInstance(DelegatingConstructorAccessorImpl.java:45)
	at java.lang.reflect.Constructor.newInstance(Constructor.java:526)
	at java.lang.Class.newInstance(Class.java:379)
	at java.util.ServiceLoader$LazyIterator.next(ServiceLoader.java:373)
	... 39 more
]]>
    </error>
  </testcase> <!-- getConversation -->
  <testcase name="setOwner" time="0.001" classname="com.FCI.SWE.ServicesModels.ConversationEntityTest">
    <error type="java.util.ServiceConfigurationError" message="com.google.appengine.tools.development.LocalRpcService: Provider com.google.appengine.api.datastore.dev.LocalCloudDatastoreV1Service could not be instantiated">
      <![CDATA[java.util.ServiceConfigurationError: com.google.appengine.tools.development.LocalRpcService: Provider com.google.appengine.api.datastore.dev.LocalCloudDatastoreV1Service could not be instantiated
	at java.util.ServiceLoader.fail(ServiceLoader.java:224)
	at java.util.ServiceLoader.access$100(ServiceLoader.java:181)
	at java.util.ServiceLoader$LazyIterator.next(ServiceLoader.java:377)
	at java.util.ServiceLoader$1.next(ServiceLoader.java:445)
	at com.google.appengine.tools.development.ApiProxyLocalImpl.startServices(ApiProxyLocalImpl.java:600)
	at com.google.appengine.tools.development.ApiProxyLocalImpl.access$700(ApiProxyLocalImpl.java:46)
	at com.google.appengine.tools.development.ApiProxyLocalImpl$2.run(ApiProxyLocalImpl.java:584)
	at com.google.appengine.tools.development.ApiProxyLocalImpl$2.run(ApiProxyLocalImpl.java:581)
	at java.security.AccessController.doPrivileged(Native Method)
	at com.google.appengine.tools.development.ApiProxyLocalImpl.getService(ApiProxyLocalImpl.java:580)
	at com.google.appengine.tools.development.testing.LocalServiceTestHelper.getLocalService(LocalServiceTestHelper.java:589)
	at com.google.appengine.tools.development.testing.LocalDatastoreServiceTestConfig.getLocalDatastoreService(LocalDatastoreServiceTestConfig.java:294)
	at com.google.appengine.tools.development.testing.LocalDatastoreServiceTestConfig.tearDown(LocalDatastoreServiceTestConfig.java:288)
	at com.google.appengine.tools.development.testing.LocalServiceTestHelper.tearDownService(LocalServiceTestHelper.java:548)
	at com.google.appengine.tools.development.testing.LocalServiceTestHelper.tearDown(LocalServiceTestHelper.java:520)
	at com.FCI.SWE.ServicesModels.ConversationEntityTest.tearDown(ConversationEntityTest.java:39)
	at sun.reflect.NativeMethodAccessorImpl.invoke0(Native Method)
	at sun.reflect.NativeMethodAccessorImpl.invoke(NativeMethodAccessorImpl.java:57)
	at sun.reflect.DelegatingMethodAccessorImpl.invoke(DelegatingMethodAccessorImpl.java:43)
	at java.lang.reflect.Method.invoke(Method.java:606)
	at org.testng.internal.MethodInvocationHelper.invokeMethod(MethodInvocationHelper.java:85)
	at org.testng.internal.Invoker.invokeConfigurationMethod(Invoker.java:517)
	at org.testng.internal.Invoker.invokeConfigurations(Invoker.java:213)
	at org.testng.internal.Invoker.invokeMethod(Invoker.java:732)
	at org.testng.internal.Invoker.invokeTestMethod(Invoker.java:845)
	at org.testng.internal.Invoker.invokeTestMethods(Invoker.java:1153)
	at org.testng.internal.TestMethodWorker.invokeTestMethods(TestMethodWorker.java:124)
	at org.testng.internal.TestMethodWorker.run(TestMethodWorker.java:108)
	at org.testng.TestRunner.privateRun(TestRunner.java:771)
	at org.testng.TestRunner.run(TestRunner.java:621)
	at org.testng.SuiteRunner.runTest(SuiteRunner.java:352)
	at org.testng.SuiteRunner.runSequentially(SuiteRunner.java:347)
	at org.testng.SuiteRunner.privateRun(SuiteRunner.java:305)
	at org.testng.SuiteRunner.run(SuiteRunner.java:254)
	at org.testng.SuiteRunnerWorker.runSuite(SuiteRunnerWorker.java:52)
	at org.testng.SuiteRunnerWorker.run(SuiteRunnerWorker.java:86)
	at org.testng.TestNG.runSuitesSequentially(TestNG.java:1199)
	at org.testng.TestNG.runSuitesLocally(TestNG.java:1124)
	at org.testng.TestNG.run(TestNG.java:1032)
	at org.testng.remote.RemoteTestNG.run(RemoteTestNG.java:111)
	at org.testng.remote.RemoteTestNG.initAndRun(RemoteTestNG.java:204)
	at org.testng.remote.RemoteTestNG.main(RemoteTestNG.java:175)
Caused by: java.lang.NoSuchFieldError: EMPTY
	at com.google.apphosting.datastore.shared.Config$DatastoreConfig.<init>(Config.java:267)
	at com.google.apphosting.datastore.shared.Config$DatastoreConfig.<clinit>(Config.java:2282)
	at com.google.appengine.api.datastore.dev.LocalCloudDatastoreV1Service.<clinit>(LocalCloudDatastoreV1Service.java:139)
	at sun.reflect.NativeConstructorAccessorImpl.newInstance0(Native Method)
	at sun.reflect.NativeConstructorAccessorImpl.newInstance(NativeConstructorAccessorImpl.java:57)
	at sun.reflect.DelegatingConstructorAccessorImpl.newInstance(DelegatingConstructorAccessorImpl.java:45)
	at java.lang.reflect.Constructor.newInstance(Constructor.java:526)
	at java.lang.Class.newInstance(Class.java:379)
	at java.util.ServiceLoader$LazyIterator.next(ServiceLoader.java:373)
	... 39 more
]]>
    </error>
  </testcase> <!-- setOwner -->
  <testcase name="getName" time="0.001" classname="com.FCI.SWE.ServicesModels.ConversationEntityTest">
    <error type="java.util.ServiceConfigurationError" message="com.google.appengine.tools.development.LocalRpcService: Provider com.google.appengine.api.datastore.dev.LocalCloudDatastoreV1Service could not be instantiated">
      <![CDATA[java.util.ServiceConfigurationError: com.google.appengine.tools.development.LocalRpcService: Provider com.google.appengine.api.datastore.dev.LocalCloudDatastoreV1Service could not be instantiated
	at java.util.ServiceLoader.fail(ServiceLoader.java:224)
	at java.util.ServiceLoader.access$100(ServiceLoader.java:181)
	at java.util.ServiceLoader$LazyIterator.next(ServiceLoader.java:377)
	at java.util.ServiceLoader$1.next(ServiceLoader.java:445)
	at com.google.appengine.tools.development.ApiProxyLocalImpl.startServices(ApiProxyLocalImpl.java:600)
	at com.google.appengine.tools.development.ApiProxyLocalImpl.access$700(ApiProxyLocalImpl.java:46)
	at com.google.appengine.tools.development.ApiProxyLocalImpl$2.run(ApiProxyLocalImpl.java:584)
	at com.google.appengine.tools.development.ApiProxyLocalImpl$2.run(ApiProxyLocalImpl.java:581)
	at java.security.AccessController.doPrivileged(Native Method)
	at com.google.appengine.tools.development.ApiProxyLocalImpl.getService(ApiProxyLocalImpl.java:580)
	at com.google.appengine.tools.development.testing.LocalServiceTestHelper.getLocalService(LocalServiceTestHelper.java:589)
	at com.google.appengine.tools.development.testing.LocalDatastoreServiceTestConfig.getLocalDatastoreService(LocalDatastoreServiceTestConfig.java:294)
	at com.google.appengine.tools.development.testing.LocalDatastoreServiceTestConfig.tearDown(LocalDatastoreServiceTestConfig.java:288)
	at com.google.appengine.tools.development.testing.LocalServiceTestHelper.tearDownService(LocalServiceTestHelper.java:548)
	at com.google.appengine.tools.development.testing.LocalServiceTestHelper.tearDown(LocalServiceTestHelper.java:520)
	at com.FCI.SWE.ServicesModels.ConversationEntityTest.tearDown(ConversationEntityTest.java:39)
	at sun.reflect.NativeMethodAccessorImpl.invoke0(Native Method)
	at sun.reflect.NativeMethodAccessorImpl.invoke(NativeMethodAccessorImpl.java:57)
	at sun.reflect.DelegatingMethodAccessorImpl.invoke(DelegatingMethodAccessorImpl.java:43)
	at java.lang.reflect.Method.invoke(Method.java:606)
	at org.testng.internal.MethodInvocationHelper.invokeMethod(MethodInvocationHelper.java:85)
	at org.testng.internal.Invoker.invokeConfigurationMethod(Invoker.java:517)
	at org.testng.internal.Invoker.invokeConfigurations(Invoker.java:213)
	at org.testng.internal.Invoker.invokeMethod(Invoker.java:732)
	at org.testng.internal.Invoker.invokeTestMethod(Invoker.java:845)
	at org.testng.internal.Invoker.invokeTestMethods(Invoker.java:1153)
	at org.testng.internal.TestMethodWorker.invokeTestMethods(TestMethodWorker.java:124)
	at org.testng.internal.TestMethodWorker.run(TestMethodWorker.java:108)
	at org.testng.TestRunner.privateRun(TestRunner.java:771)
	at org.testng.TestRunner.run(TestRunner.java:621)
	at org.testng.SuiteRunner.runTest(SuiteRunner.java:352)
	at org.testng.SuiteRunner.runSequentially(SuiteRunner.java:347)
	at org.testng.SuiteRunner.privateRun(SuiteRunner.java:305)
	at org.testng.SuiteRunner.run(SuiteRunner.java:254)
	at org.testng.SuiteRunnerWorker.runSuite(SuiteRunnerWorker.java:52)
	at org.testng.SuiteRunnerWorker.run(SuiteRunnerWorker.java:86)
	at org.testng.TestNG.runSuitesSequentially(TestNG.java:1199)
	at org.testng.TestNG.runSuitesLocally(TestNG.java:1124)
	at org.testng.TestNG.run(TestNG.java:1032)
	at org.testng.remote.RemoteTestNG.run(RemoteTestNG.java:111)
	at org.testng.remote.RemoteTestNG.initAndRun(RemoteTestNG.java:204)
	at org.testng.remote.RemoteTestNG.main(RemoteTestNG.java:175)
Caused by: java.lang.NoSuchFieldError: EMPTY
	at com.google.apphosting.datastore.shared.Config$DatastoreConfig.<init>(Config.java:267)
	at com.google.apphosting.datastore.shared.Config$DatastoreConfig.<clinit>(Config.java:2282)
	at com.google.appengine.api.datastore.dev.LocalCloudDatastoreV1Service.<clinit>(LocalCloudDatastoreV1Service.java:139)
	at sun.reflect.NativeConstructorAccessorImpl.newInstance0(Native Method)
	at sun.reflect.NativeConstructorAccessorImpl.newInstance(NativeConstructorAccessorImpl.java:57)
	at sun.reflect.DelegatingConstructorAccessorImpl.newInstance(DelegatingConstructorAccessorImpl.java:45)
	at java.lang.reflect.Constructor.newInstance(Constructor.java:526)
	at java.lang.Class.newInstance(Class.java:379)
	at java.util.ServiceLoader$LazyIterator.next(ServiceLoader.java:373)
	... 39 more
]]>
    </error>
  </testcase> <!-- getName -->
  <testcase name="addToConversation" time="0.002" classname="com.FCI.SWE.ServicesModels.ConversationEntityTest">
    <error type="java.util.ServiceConfigurationError" message="com.google.appengine.tools.development.LocalRpcService: Provider com.google.appengine.api.datastore.dev.LocalCloudDatastoreV1Service could not be instantiated">
      <![CDATA[java.util.ServiceConfigurationError: com.google.appengine.tools.development.LocalRpcService: Provider com.google.appengine.api.datastore.dev.LocalCloudDatastoreV1Service could not be instantiated
	at java.util.ServiceLoader.fail(ServiceLoader.java:224)
	at java.util.ServiceLoader.access$100(ServiceLoader.java:181)
	at java.util.ServiceLoader$LazyIterator.next(ServiceLoader.java:377)
	at java.util.ServiceLoader$1.next(ServiceLoader.java:445)
	at com.google.appengine.tools.development.ApiProxyLocalImpl.startServices(ApiProxyLocalImpl.java:600)
	at com.google.appengine.tools.development.ApiProxyLocalImpl.access$700(ApiProxyLocalImpl.java:46)
	at com.google.appengine.tools.development.ApiProxyLocalImpl$2.run(ApiProxyLocalImpl.java:584)
	at com.google.appengine.tools.development.ApiProxyLocalImpl$2.run(ApiProxyLocalImpl.java:581)
	at java.security.AccessController.doPrivileged(Native Method)
	at com.google.appengine.tools.development.ApiProxyLocalImpl.getService(ApiProxyLocalImpl.java:580)
	at com.google.appengine.tools.development.testing.LocalServiceTestHelper.getLocalService(LocalServiceTestHelper.java:589)
	at com.google.appengine.tools.development.testing.LocalDatastoreServiceTestConfig.getLocalDatastoreService(LocalDatastoreServiceTestConfig.java:294)
	at com.google.appengine.tools.development.testing.LocalDatastoreServiceTestConfig.tearDown(LocalDatastoreServiceTestConfig.java:288)
	at com.google.appengine.tools.development.testing.LocalServiceTestHelper.tearDownService(LocalServiceTestHelper.java:548)
	at com.google.appengine.tools.development.testing.LocalServiceTestHelper.tearDown(LocalServiceTestHelper.java:520)
	at com.FCI.SWE.ServicesModels.ConversationEntityTest.tearDown(ConversationEntityTest.java:39)
	at sun.reflect.NativeMethodAccessorImpl.invoke0(Native Method)
	at sun.reflect.NativeMethodAccessorImpl.invoke(NativeMethodAccessorImpl.java:57)
	at sun.reflect.DelegatingMethodAccessorImpl.invoke(DelegatingMethodAccessorImpl.java:43)
	at java.lang.reflect.Method.invoke(Method.java:606)
	at org.testng.internal.MethodInvocationHelper.invokeMethod(MethodInvocationHelper.java:85)
	at org.testng.internal.Invoker.invokeConfigurationMethod(Invoker.java:517)
	at org.testng.internal.Invoker.invokeConfigurations(Invoker.java:213)
	at org.testng.internal.Invoker.invokeMethod(Invoker.java:732)
	at org.testng.internal.Invoker.invokeTestMethod(Invoker.java:845)
	at org.testng.internal.Invoker.invokeTestMethods(Invoker.java:1153)
	at org.testng.internal.TestMethodWorker.invokeTestMethods(TestMethodWorker.java:124)
	at org.testng.internal.TestMethodWorker.run(TestMethodWorker.java:108)
	at org.testng.TestRunner.privateRun(TestRunner.java:771)
	at org.testng.TestRunner.run(TestRunner.java:621)
	at org.testng.SuiteRunner.runTest(SuiteRunner.java:352)
	at org.testng.SuiteRunner.runSequentially(SuiteRunner.java:347)
	at org.testng.SuiteRunner.privateRun(SuiteRunner.java:305)
	at org.testng.SuiteRunner.run(SuiteRunner.java:254)
	at org.testng.SuiteRunnerWorker.runSuite(SuiteRunnerWorker.java:52)
	at org.testng.SuiteRunnerWorker.run(SuiteRunnerWorker.java:86)
	at org.testng.TestNG.runSuitesSequentially(TestNG.java:1199)
	at org.testng.TestNG.runSuitesLocally(TestNG.java:1124)
	at org.testng.TestNG.run(TestNG.java:1032)
	at org.testng.remote.RemoteTestNG.run(RemoteTestNG.java:111)
	at org.testng.remote.RemoteTestNG.initAndRun(RemoteTestNG.java:204)
	at org.testng.remote.RemoteTestNG.main(RemoteTestNG.java:175)
Caused by: java.lang.NoSuchFieldError: EMPTY
	at com.google.apphosting.datastore.shared.Config$DatastoreConfig.<init>(Config.java:267)
	at com.google.apphosting.datastore.shared.Config$DatastoreConfig.<clinit>(Config.java:2282)
	at com.google.appengine.api.datastore.dev.LocalCloudDatastoreV1Service.<clinit>(LocalCloudDatastoreV1Service.java:139)
	at sun.reflect.NativeConstructorAccessorImpl.newInstance0(Native Method)
	at sun.reflect.NativeConstructorAccessorImpl.newInstance(NativeConstructorAccessorImpl.java:57)
	at sun.reflect.DelegatingConstructorAccessorImpl.newInstance(DelegatingConstructorAccessorImpl.java:45)
	at java.lang.reflect.Constructor.newInstance(Constructor.java:526)
	at java.lang.Class.newInstance(Class.java:379)
	at java.util.ServiceLoader$LazyIterator.next(ServiceLoader.java:373)
	... 39 more
]]>
    </error>
  </testcase> <!-- addToConversation -->
  <testcase name="getId" time="0.001" classname="com.FCI.SWE.ServicesModels.ConversationEntityTest">
    <error type="java.util.ServiceConfigurationError" message="com.google.appengine.tools.development.LocalRpcService: Provider com.google.appengine.api.datastore.dev.LocalCloudDatastoreV1Service could not be instantiated">
      <![CDATA[java.util.ServiceConfigurationError: com.google.appengine.tools.development.LocalRpcService: Provider com.google.appengine.api.datastore.dev.LocalCloudDatastoreV1Service could not be instantiated
	at java.util.ServiceLoader.fail(ServiceLoader.java:224)
	at java.util.ServiceLoader.access$100(ServiceLoader.java:181)
	at java.util.ServiceLoader$LazyIterator.next(ServiceLoader.java:377)
	at java.util.ServiceLoader$1.next(ServiceLoader.java:445)
	at com.google.appengine.tools.development.ApiProxyLocalImpl.startServices(ApiProxyLocalImpl.java:600)
	at com.google.appengine.tools.development.ApiProxyLocalImpl.access$700(ApiProxyLocalImpl.java:46)
	at com.google.appengine.tools.development.ApiProxyLocalImpl$2.run(ApiProxyLocalImpl.java:584)
	at com.google.appengine.tools.development.ApiProxyLocalImpl$2.run(ApiProxyLocalImpl.java:581)
	at java.security.AccessController.doPrivileged(Native Method)
	at com.google.appengine.tools.development.ApiProxyLocalImpl.getService(ApiProxyLocalImpl.java:580)
	at com.google.appengine.tools.development.testing.LocalServiceTestHelper.getLocalService(LocalServiceTestHelper.java:589)
	at com.google.appengine.tools.development.testing.LocalDatastoreServiceTestConfig.getLocalDatastoreService(LocalDatastoreServiceTestConfig.java:294)
	at com.google.appengine.tools.development.testing.LocalDatastoreServiceTestConfig.tearDown(LocalDatastoreServiceTestConfig.java:288)
	at com.google.appengine.tools.development.testing.LocalServiceTestHelper.tearDownService(LocalServiceTestHelper.java:548)
	at com.google.appengine.tools.development.testing.LocalServiceTestHelper.tearDown(LocalServiceTestHelper.java:520)
	at com.FCI.SWE.ServicesModels.ConversationEntityTest.tearDown(ConversationEntityTest.java:39)
	at sun.reflect.NativeMethodAccessorImpl.invoke0(Native Method)
	at sun.reflect.NativeMethodAccessorImpl.invoke(NativeMethodAccessorImpl.java:57)
	at sun.reflect.DelegatingMethodAccessorImpl.invoke(DelegatingMethodAccessorImpl.java:43)
	at java.lang.reflect.Method.invoke(Method.java:606)
	at org.testng.internal.MethodInvocationHelper.invokeMethod(MethodInvocationHelper.java:85)
	at org.testng.internal.Invoker.invokeConfigurationMethod(Invoker.java:517)
	at org.testng.internal.Invoker.invokeConfigurations(Invoker.java:213)
	at org.testng.internal.Invoker.invokeMethod(Invoker.java:732)
	at org.testng.internal.Invoker.invokeTestMethod(Invoker.java:845)
	at org.testng.internal.Invoker.invokeTestMethods(Invoker.java:1153)
	at org.testng.internal.TestMethodWorker.invokeTestMethods(TestMethodWorker.java:124)
	at org.testng.internal.TestMethodWorker.run(TestMethodWorker.java:108)
	at org.testng.TestRunner.privateRun(TestRunner.java:771)
	at org.testng.TestRunner.run(TestRunner.java:621)
	at org.testng.SuiteRunner.runTest(SuiteRunner.java:352)
	at org.testng.SuiteRunner.runSequentially(SuiteRunner.java:347)
	at org.testng.SuiteRunner.privateRun(SuiteRunner.java:305)
	at org.testng.SuiteRunner.run(SuiteRunner.java:254)
	at org.testng.SuiteRunnerWorker.runSuite(SuiteRunnerWorker.java:52)
	at org.testng.SuiteRunnerWorker.run(SuiteRunnerWorker.java:86)
	at org.testng.TestNG.runSuitesSequentially(TestNG.java:1199)
	at org.testng.TestNG.runSuitesLocally(TestNG.java:1124)
	at org.testng.TestNG.run(TestNG.java:1032)
	at org.testng.remote.RemoteTestNG.run(RemoteTestNG.java:111)
	at org.testng.remote.RemoteTestNG.initAndRun(RemoteTestNG.java:204)
	at org.testng.remote.RemoteTestNG.main(RemoteTestNG.java:175)
Caused by: java.lang.NoSuchFieldError: EMPTY
	at com.google.apphosting.datastore.shared.Config$DatastoreConfig.<init>(Config.java:267)
	at com.google.apphosting.datastore.shared.Config$DatastoreConfig.<clinit>(Config.java:2282)
	at com.google.appengine.api.datastore.dev.LocalCloudDatastoreV1Service.<clinit>(LocalCloudDatastoreV1Service.java:139)
	at sun.reflect.NativeConstructorAccessorImpl.newInstance0(Native Method)
	at sun.reflect.NativeConstructorAccessorImpl.newInstance(NativeConstructorAccessorImpl.java:57)
	at sun.reflect.DelegatingConstructorAccessorImpl.newInstance(DelegatingConstructorAccessorImpl.java:45)
	at java.lang.reflect.Constructor.newInstance(Constructor.java:526)
	at java.lang.Class.newInstance(Class.java:379)
	at java.util.ServiceLoader$LazyIterator.next(ServiceLoader.java:373)
	... 39 more
]]>
    </error>
  </testcase> <!-- getId -->
  <testcase name="getMembers" time="0.001" classname="com.FCI.SWE.ServicesModels.ConversationEntityTest">
    <error type="java.util.ServiceConfigurationError" message="com.google.appengine.tools.development.LocalRpcService: Provider com.google.appengine.api.datastore.dev.LocalCloudDatastoreV1Service could not be instantiated">
      <![CDATA[java.util.ServiceConfigurationError: com.google.appengine.tools.development.LocalRpcService: Provider com.google.appengine.api.datastore.dev.LocalCloudDatastoreV1Service could not be instantiated
	at java.util.ServiceLoader.fail(ServiceLoader.java:224)
	at java.util.ServiceLoader.access$100(ServiceLoader.java:181)
	at java.util.ServiceLoader$LazyIterator.next(ServiceLoader.java:377)
	at java.util.ServiceLoader$1.next(ServiceLoader.java:445)
	at com.google.appengine.tools.development.ApiProxyLocalImpl.startServices(ApiProxyLocalImpl.java:600)
	at com.google.appengine.tools.development.ApiProxyLocalImpl.access$700(ApiProxyLocalImpl.java:46)
	at com.google.appengine.tools.development.ApiProxyLocalImpl$2.run(ApiProxyLocalImpl.java:584)
	at com.google.appengine.tools.development.ApiProxyLocalImpl$2.run(ApiProxyLocalImpl.java:581)
	at java.security.AccessController.doPrivileged(Native Method)
	at com.google.appengine.tools.development.ApiProxyLocalImpl.getService(ApiProxyLocalImpl.java:580)
	at com.google.appengine.tools.development.testing.LocalServiceTestHelper.getLocalService(LocalServiceTestHelper.java:589)
	at com.google.appengine.tools.development.testing.LocalDatastoreServiceTestConfig.getLocalDatastoreService(LocalDatastoreServiceTestConfig.java:294)
	at com.google.appengine.tools.development.testing.LocalDatastoreServiceTestConfig.tearDown(LocalDatastoreServiceTestConfig.java:288)
	at com.google.appengine.tools.development.testing.LocalServiceTestHelper.tearDownService(LocalServiceTestHelper.java:548)
	at com.google.appengine.tools.development.testing.LocalServiceTestHelper.tearDown(LocalServiceTestHelper.java:520)
	at com.FCI.SWE.ServicesModels.ConversationEntityTest.tearDown(ConversationEntityTest.java:39)
	at sun.reflect.NativeMethodAccessorImpl.invoke0(Native Method)
	at sun.reflect.NativeMethodAccessorImpl.invoke(NativeMethodAccessorImpl.java:57)
	at sun.reflect.DelegatingMethodAccessorImpl.invoke(DelegatingMethodAccessorImpl.java:43)
	at java.lang.reflect.Method.invoke(Method.java:606)
	at org.testng.internal.MethodInvocationHelper.invokeMethod(MethodInvocationHelper.java:85)
	at org.testng.internal.Invoker.invokeConfigurationMethod(Invoker.java:517)
	at org.testng.internal.Invoker.invokeConfigurations(Invoker.java:213)
	at org.testng.internal.Invoker.invokeMethod(Invoker.java:732)
	at org.testng.internal.Invoker.invokeTestMethod(Invoker.java:845)
	at org.testng.internal.Invoker.invokeTestMethods(Invoker.java:1153)
	at org.testng.internal.TestMethodWorker.invokeTestMethods(TestMethodWorker.java:124)
	at org.testng.internal.TestMethodWorker.run(TestMethodWorker.java:108)
	at org.testng.TestRunner.privateRun(TestRunner.java:771)
	at org.testng.TestRunner.run(TestRunner.java:621)
	at org.testng.SuiteRunner.runTest(SuiteRunner.java:352)
	at org.testng.SuiteRunner.runSequentially(SuiteRunner.java:347)
	at org.testng.SuiteRunner.privateRun(SuiteRunner.java:305)
	at org.testng.SuiteRunner.run(SuiteRunner.java:254)
	at org.testng.SuiteRunnerWorker.runSuite(SuiteRunnerWorker.java:52)
	at org.testng.SuiteRunnerWorker.run(SuiteRunnerWorker.java:86)
	at org.testng.TestNG.runSuitesSequentially(TestNG.java:1199)
	at org.testng.TestNG.runSuitesLocally(TestNG.java:1124)
	at org.testng.TestNG.run(TestNG.java:1032)
	at org.testng.remote.RemoteTestNG.run(RemoteTestNG.java:111)
	at org.testng.remote.RemoteTestNG.initAndRun(RemoteTestNG.java:204)
	at org.testng.remote.RemoteTestNG.main(RemoteTestNG.java:175)
Caused by: java.lang.NoSuchFieldError: EMPTY
	at com.google.apphosting.datastore.shared.Config$DatastoreConfig.<init>(Config.java:267)
	at com.google.apphosting.datastore.shared.Config$DatastoreConfig.<clinit>(Config.java:2282)
	at com.google.appengine.api.datastore.dev.LocalCloudDatastoreV1Service.<clinit>(LocalCloudDatastoreV1Service.java:139)
	at sun.reflect.NativeConstructorAccessorImpl.newInstance0(Native Method)
	at sun.reflect.NativeConstructorAccessorImpl.newInstance(NativeConstructorAccessorImpl.java:57)
	at sun.reflect.DelegatingConstructorAccessorImpl.newInstance(DelegatingConstructorAccessorImpl.java:45)
	at java.lang.reflect.Constructor.newInstance(Constructor.java:526)
	at java.lang.Class.newInstance(Class.java:379)
	at java.util.ServiceLoader$LazyIterator.next(ServiceLoader.java:373)
	... 39 more
]]>
    </error>
  </testcase> <!-- getMembers -->
</testsuite> <!-- com.FCI.SWE.ServicesModels.ConversationEntityTest -->
