<?xml version="1.0" encoding="UTF-8"?>
<!-- Generated by org.testng.reporters.JUnitReportReporter -->
<testsuite hostname="MahmoudHadad" name="com.FCI.SWE.Services.ServiceTest" tests="9" failures="0" timestamp="10 May 2015 19:57:06 GMT" time="0.215" errors="0">
  <testcase name="registrationService" time="0.024" classname="com.FCI.SWE.Services.ServiceTest"/>
  <testcase name="loginService" time="0.022" classname="com.FCI.SWE.Services.ServiceTest"/>
  <testcase name="registrationService" time="0.055" classname="com.FCI.SWE.Services.ServiceTest"/>
  <testcase name="loginService" time="0.023" classname="com.FCI.SWE.Services.ServiceTest"/>
  <testcase name="addFriend" time="0.016" classname="com.FCI.SWE.Services.ServiceTest"/>
  <testcase name="loginService" time="0.021" classname="com.FCI.SWE.Services.ServiceTest"/>
  <testcase name="registrationService" time="0.026" classname="com.FCI.SWE.Services.ServiceTest"/>
  <testcase name="getFriends" time="0.001" classname="com.FCI.SWE.Services.ServiceTest"/>
  <testcase name="loginService" time="0.027" classname="com.FCI.SWE.Services.ServiceTest"/>
</testsuite> <!-- com.FCI.SWE.Services.ServiceTest -->
